<?xml version="1.0" encoding="UTF-8"?>
<testsuite xmlns:xsi="http://www.w3.org/2001/XMLSchema-instance" xsi:noNamespaceSchemaLocation="https://maven.apache.org/surefire/maven-surefire-plugin/xsd/surefire-test-report-3.0.xsd" version="3.0" name="com.example.AuthTest" time="6.882" tests="6" errors="0" skipped="0" failures="0">
  <properties>
[...]
</properties>
  <testcase name="testSWAPI" classname="com.example.AuthTest" time="1.396">
    <system-out><![CDATA[Request method:	GET
Request URI:	https://swapi.dev/api/people/1/
Proxy:			<none>
Request params:	<none>
Query params:	<none>
Form params:	<none>
Path params:	<none>
Headers:		Accept=*/*
Cookies:		<none>
Multiparts:		<none>
Body:			<none>
HTTP/1.1 200 OK
Server: nginx/1.16.1
Date: Tue, 13 Aug 2024 16:45:26 GMT
Content-Type: application/json
Transfer-Encoding: chunked
Connection: keep-alive
Vary: Accept, Cookie
X-Frame-Options: SAMEORIGIN
ETag: "ee398610435c328f4d0a4e1b0d2f7bbc"
Allow: GET, HEAD, OPTIONS
Strict-Transport-Security: max-age=15768000

{
    "name": "Luke Skywalker",
    "height": "172",
    "mass": "77",
    "hair_color": "blond",
    "skin_color": "fair",
    "eye_color": "blue",
    "birth_year": "19BBY",
    "gender": "male",
    "homeworld": "https://swapi.dev/api/planets/1/",
    "films": [
        "https://swapi.dev/api/films/1/",
        "https://swapi.dev/api/films/2/",
        "https://swapi.dev/api/films/3/",
        "https://swapi.dev/api/films/6/"
    ],
    "species": [
        
    ],
    "vehicles": [
        "https://swapi.dev/api/vehicles/14/",
        "https://swapi.dev/api/vehicles/30/"
    ],
    "starships": [
        "https://swapi.dev/api/starships/12/",
        "https://swapi.dev/api/starships/22/"
    ],
    "created": "2014-12-09T13:50:51.644000Z",
    "edited": "2014-12-20T21:17:56.891000Z",
    "url": "https://swapi.dev/api/people/1/"
}
]]></system-out>
  </testcase>
  <testcase name="testAuthTokenJWT" classname="com.example.AuthTest" time="1.991">
    <system-out><![CDATA[Request method:	POST
Request URI:	https://barrigarest.wcaquino.me/signin
Proxy:			<none>
Request params:	<none>
Query params:	<none>
Form params:	<none>
Path params:	<none>
Headers:		Accept=*/*
				Content-Type=application/json
Cookies:		<none>
Multiparts:		<none>
Body:
{
    "senha": "Teste@123",
    "email": "email123@teste.com.br"
}
HTTP/1.1 200 OK
Server: nginx/1.12.1 (Ubuntu)
Date: Tue, 13 Aug 2024 16:45:27 GMT
Content-Type: application/json; charset=utf-8
Content-Length: 135
Connection: keep-alive
X-Powered-By: Express
Access-Control-Allow-Origin: *
ETag: W/"87-ObeZcku+0j0Nb2ACw8rGK+oHiW0"

{
    "id": 54792,
    "nome": "Teste",
    "token": "eyJ0eXAiOiJKV1QiLCJhbGciOiJIUzI1NiJ9.eyJpZCI6NTQ3OTJ9.LFesXndw12Z-UKQQ1YC8BNvyZ80N3-w2e33-eI861GI"
}
Request method:	GET
Request URI:	https://barrigarest.wcaquino.me/contas
Proxy:			<none>
Request params:	<none>
Query params:	<none>
Form params:	<none>
Path params:	<none>
Headers:		Authorization=JWT eyJ0eXAiOiJKV1QiLCJhbGciOiJIUzI1NiJ9.eyJpZCI6NTQ3OTJ9.LFesXndw12Z-UKQQ1YC8BNvyZ80N3-w2e33-eI861GI
				Accept=*/*
Cookies:		<none>
Multiparts:		<none>
Body:			<none>
HTTP/1.1 200 OK
Server: nginx/1.12.1 (Ubuntu)
Date: Tue, 13 Aug 2024 16:45:28 GMT
Content-Type: application/json; charset=utf-8
Content-Length: 74
Connection: keep-alive
X-Powered-By: Express
Access-Control-Allow-Origin: *
ETag: W/"4a-e1Osf9VvGnLk0mbByjrHuMQL6SE"

[
    {
        "id": 2230162,
        "nome": "Conta de Teste",
        "visivel": true,
        "usuario_id": 54792
    }
]
]]></system-out>
  </testcase>
  <testcase name="testWeather" classname="com.example.AuthTest" time="0.567">
    <system-out><![CDATA[Request method:	GET
Request URI:	https://api.openweathermap.org/data/2.5/weather?q=Salvador%2CBR&appid=6bd73aaadb3fe8bc989050f5a68ce77b&units=metric
Proxy:			<none>
Request params:	<none>
Query params:	q=Salvador,BR
				appid=6bd73aaadb3fe8bc989050f5a68ce77b
				units=metric
Form params:	<none>
Path params:	<none>
Headers:		Accept=*/*
Cookies:		<none>
Multiparts:		<none>
Body:			<none>
HTTP/1.1 200 OK
Server: openresty
Date: Tue, 13 Aug 2024 16:45:28 GMT
Content-Type: application/json; charset=utf-8
Content-Length: 497
Connection: keep-alive
X-Cache-Key: /data/2.5/weather?q=salvador%2cbr&units=metric
Access-Control-Allow-Origin: *
Access-Control-Allow-Credentials: true
Access-Control-Allow-Methods: GET, POST

{
    "coord": {
        "lon": -38.5108,
        "lat": -12.9711
    },
    "weather": [
        {
            "id": 800,
            "main": "Clear",
            "description": "clear sky",
            "icon": "01d"
        }
    ],
    "base": "stations",
    "main": {
        "temp": 26.21,
        "feels_like": 26.21,
        "temp_min": 26.21,
        "temp_max": 26.21,
        "pressure": 1017,
        "humidity": 75,
        "sea_level": 1017,
        "grnd_level": 1016
    },
    "visibility": 10000,
    "wind": {
        "speed": 7.16,
        "deg": 117,
        "gust": 7.28
    },
    "clouds": {
        "all": 3
    },
    "dt": 1723567376,
    "sys": {
        "country": "BR",
        "sunrise": 1723538944,
        "sunset": 1723580928
    },
    "timezone": -10800,
    "id": 3450554,
    "name": "Salvador",
    "cod": 200
}
]]></system-out>
  </testcase>
  <testcase name="testPasswordlessAccess" classname="com.example.AuthTest" time="0.745">
    <system-out><![CDATA[Request method:	GET
Request URI:	https://restapi.wcaquino.me/basicauth
Proxy:			<none>
Request params:	<none>
Query params:	<none>
Form params:	<none>
Path params:	<none>
Headers:		Accept=*/*
Cookies:		<none>
Multiparts:		<none>
Body:			<none>
HTTP/1.1 401 Unauthorized
Server: nginx/1.12.1 (Ubuntu)
Date: Tue, 13 Aug 2024 16:45:29 GMT
Content-Type: text/html; charset=utf-8
Content-Length: 0
Connection: keep-alive
X-Powered-By: Express
WWW-Authenticate: Basic
ETag: W/"0-2jmj7l5rSw0yVb/vlWAYkK/YBwk"
]]></system-out>
  </testcase>
  <testcase name="testPasswordAccess2" classname="com.example.AuthTest" time="1.158">
    <system-out><![CDATA[Request method:	GET
Request URI:	https://restapi.wcaquino.me/basicauth
Proxy:			<none>
Request params:	<none>
Query params:	<none>
Form params:	<none>
Path params:	<none>
Headers:		Accept=*/*
Cookies:		<none>
Multiparts:		<none>
Body:			<none>
HTTP/1.1 200 OK
Server: nginx/1.12.1 (Ubuntu)
Date: Tue, 13 Aug 2024 16:45:30 GMT
Content-Type: application/json; charset=utf-8
Content-Length: 19
Connection: keep-alive
X-Powered-By: Express
ETag: W/"13-nYuJU8xETVSdbOp0zjnj9+9YvMg"

{
    "status": "logado"
}
]]></system-out>
  </testcase>
  <testcase name="testPasswordAccess" classname="com.example.AuthTest" time="1.023">
    <system-out><![CDATA[Request method:	GET
Request URI:	https://admin:senha@restapi.wcaquino.me/basicauth
Proxy:			<none>
Request params:	<none>
Query params:	<none>
Form params:	<none>
Path params:	<none>
Headers:		Accept=*/*
Cookies:		<none>
Multiparts:		<none>
Body:			<none>
HTTP/1.1 200 OK
Server: nginx/1.12.1 (Ubuntu)
Date: Tue, 13 Aug 2024 16:45:31 GMT
Content-Type: application/json; charset=utf-8
Content-Length: 19
Connection: keep-alive
X-Powered-By: Express
ETag: W/"13-nYuJU8xETVSdbOp0zjnj9+9YvMg"

{
    "status": "logado"
}
]]></system-out>
  </testcase>
</testsuite>