<?xml version="1.0" encoding="UTF-8"?>
<testsuite xmlns:xsi="http://www.w3.org/2001/XMLSchema-instance" xsi:noNamespaceSchemaLocation="https://maven.apache.org/surefire/maven-surefire-plugin/xsd/surefire-test-report-3.0.xsd" version="3.0" name="com.example.FileTest" time="6.444" tests="4" errors="0" skipped="0" failures="0">
  <properties>
[...]
</properties>
  <testcase name="testSchemaJson" classname="com.example.FileTest" time="1.741">
    <system-out><![CDATA[Request method:	GET
Request URI:	https://restapi.wcaquino.me/users
Proxy:			<none>
Request params:	<none>
Query params:	<none>
Form params:	<none>
Path params:	<none>
Headers:		Accept=*/*
Cookies:		<none>
Multiparts:		<none>
Body:			<none>
HTTP/1.1 200 OK
Server: nginx/1.12.1 (Ubuntu)
Date: Tue, 13 Aug 2024 16:45:20 GMT
Content-Type: application/json; charset=utf-8
Content-Length: 252
Connection: keep-alive
X-Powered-By: Express
ETag: W/"fc-QgZUfb9tXxph9k/5XYXDvSt1Cwg"

[
    {
        "id": 1,
        "name": "João da Silva",
        "age": 30,
        "salary": 1234.5678
    },
    {
        "id": 2,
        "name": "Maria Joaquina",
        "endereco": {
            "rua": "Rua dos bobos",
            "numero": 0
        },
        "age": 25,
        "salary": 2500
    },
    {
        "id": 3,
        "name": "Ana Júlia",
        "age": 20,
        "filhos": [
            {
                "name": "Zezinho"
            },
            {
                "name": "Luizinho"
            }
        ]
    }
]
]]></system-out>
  </testcase>
  <testcase name="testUploadFile" classname="com.example.FileTest" time="2.386">
    <system-out><![CDATA[Request method:	POST
Request URI:	https://restapi.wcaquino.me/upload
Proxy:			<none>
Request params:	<none>
Query params:	<none>
Form params:	<none>
Path params:	<none>
Headers:		Accept=*/*
				Content-Type=multipart/form-data
Cookies:		<none>
Multiparts:		------------
				Content-Disposition: form-data; name = arquivo; filename = RestAssuredWorkshop.pdf
				Content-Type: application/octet-stream

				src/main/resources/RestAssuredWorkshop.pdf
Body:			<none>
HTTP/1.1 200 OK
Server: nginx/1.12.1 (Ubuntu)
Date: Tue, 13 Aug 2024 16:45:22 GMT
Content-Type: application/json; charset=utf-8
Content-Length: 89
Connection: keep-alive
X-Powered-By: Express
ETag: W/"59-GbyPWrd04UL1Ytaghrj3jdHKyQ0"

{
    "name": "RestAssuredWorkshop.pdf",
    "md5": "d3e7ec8b973683cf407aff22d95150a4",
    "size": 102400
}
]]></system-out>
  </testcase>
  <testcase name="testSendFile" classname="com.example.FileTest" time="0.776">
    <system-out><![CDATA[Request method:	POST
Request URI:	https://restapi.wcaquino.me/upload
Proxy:			<none>
Request params:	<none>
Query params:	<none>
Form params:	<none>
Path params:	<none>
Headers:		Accept=*/*
				Content-Type=application/x-www-form-urlencoded; charset=ISO-8859-1
Cookies:		<none>
Multiparts:		<none>
Body:			<none>
HTTP/1.1 404 Not Found
Server: nginx/1.12.1 (Ubuntu)
Date: Tue, 13 Aug 2024 16:45:23 GMT
Content-Type: application/json; charset=utf-8
Content-Length: 32
Connection: keep-alive
X-Powered-By: Express
ETag: W/"20-U2M5UmdVZjF/xl8+WzHyPzGt5Ms"

{
    "error": "Arquivo não enviado"
}
]]></system-out>
  </testcase>
  <testcase name="testDownloadFile" classname="com.example.FileTest" time="1.227">
    <system-out><![CDATA[Request method:	GET
Request URI:	https://restapi.wcaquino.me/download
Proxy:			<none>
Request params:	<none>
Query params:	<none>
Form params:	<none>
Path params:	<none>
Headers:		Accept=*/*
Cookies:		<none>
Multiparts:		<none>
Body:			<none>
HTTP/1.1 200 OK
Server: nginx/1.12.1 (Ubuntu)
Date: Tue, 13 Aug 2024 16:45:24 GMT
Content-Type: image/jpeg
Content-Length: 94878
Connection: keep-alive
X-Powered-By: Express
Accept-Ranges: bytes
Cache-Control: public, max-age=0
Last-Modified: Thu, 02 May 2019 07:54:07 GMT
ETag: W/"1729e-16a77894bef"

����08Exif&amp#0;&amp#0;II*&amp#0;&amp#8;&amp#0;&amp#0;&amp#0;
&amp#0;&amp#15;&amp#1;&amp#2;&amp#0;&amp#6;&amp#0;&amp#0;&amp#0;�&amp#0;&amp#0;&amp#0;&amp#16;&amp#1;&amp#2;&amp#0;&amp#19;&amp#0;&amp#0;&amp#0;�&amp#0;&amp#0;&amp#0;&amp#26;&amp#1;&amp#5;&amp#0;&amp#1;&amp#0;&amp#0;&amp#0;�&amp#0;&amp#0;&amp#0;&amp#27;&amp#1;&amp#5;&amp#0;&amp#1;&amp#0;&amp#0;&amp#0;�&amp#0;&amp#0;&amp#0;(&amp#1;&amp#3;&amp#0;&amp#1;&amp#0;&amp#0;&amp#0;&amp#2;&amp#0;&amp#0;&amp#0;1&amp#1;&amp#2;&amp#0;*&amp#0;&amp#0;&amp#0;�&amp#0;&amp#0;&amp#0;2&amp#1;&amp#2;&amp#0;&amp#20;&amp#0;&amp#0;&amp#0;�&amp#0;&amp#0;&amp#0;;&amp#1;&amp#2;&amp#0;&amp#0;&amp#0;&amp#0;�&amp#0;&amp#0;&amp#0;i�&amp#4;&amp#0;&amp#1;&amp#0;&amp#0;&amp#0;�&amp#0;&amp#0;&amp#0;%�&amp#4;&amp#0;&amp#1;&amp#0;&amp#0;&amp#0;�&amp#2;&amp#0;&amp#0;&amp#6;&amp#3;&amp#0;&amp#0;Canon&amp#0;Canon EOS REBEL T3&amp#0;&amp#0;�&amp#0;&amp#0;&amp#0;&amp#1;&amp#0;&amp#0;&amp#0;�&amp#0;&amp#0;&amp#0;&amp#1;&amp#0;&amp#0;&amp#0;Adobe Photoshop Lightroom 6.8 (Macintosh)&amp#0;2018:12:06 18:51:29&amp#0;Wagner Costa&amp#0;&amp#0;&amp#24;&amp#0;��&amp#5;&amp#0;&amp#1;&amp#0;&amp#0;&amp#0;"&amp#2;&amp#0;&amp#0;"�&amp#3;&amp#0;&amp#1;&amp#0;&amp#0;&amp#0;&amp#3;&amp#0;&amp#0;&amp#0;'�&amp#3;&amp#0;&amp#1;&amp#0;&amp#0;&amp#0; &amp#3;&amp#0;&amp#0;0�&amp#3;&amp#0;&amp#1;&amp#0;&amp#0;&amp#0;&amp#2;&amp#0;&amp#0;&amp#0;2�&amp#4;&amp#0;&amp#1;&amp#0;&amp#0;&amp#0; &amp#3;&amp#0;&amp#0;&amp#0;�&amp#7;&amp#0;&amp#4;&amp#0;&amp#0;&amp#0;0230&amp#3;�&amp#2;&amp#0;&amp#20;&amp#0;&amp#0;&amp#0;*&amp#2;&amp#0;&amp#0;&amp#4;�&amp#2;&amp#0;&amp#20;&amp#0;&amp#0;&amp#0;>&amp#2;&amp#0;&amp#0;&amp#1;�
&amp#0;&amp#1;&amp#0;&amp#0;&amp#0;R&amp#2;&amp#0;&amp#0;&amp#4;�
&amp#0;&amp#1;&amp#0;&amp#0;&amp#0;Z&amp#2;&amp#0;&amp#0;&amp#7;�&amp#3;&amp#0;&amp#1;&amp#0;&amp#0;&amp#0;&amp#6;&amp#0;&amp#0;&amp#0;	�&amp#3;&amp#0;&amp#1;&amp#0;&amp#0;&amp#0;&amp#16;&amp#0;&amp#0;&amp#0;
�&amp#5;&amp#0;&amp#1;&amp#0;&amp#0;&amp#0;b&amp#2;&amp#0;&amp#0;��&amp#2;&amp#0;&amp#3;&amp#0;&amp#0;&amp#0;58&amp#0;&amp#0;&amp#1;�&amp#3;&amp#0;&amp#1;&amp#0;&amp#0;&amp#0;&amp#1;&amp#0;&amp#0;&amp#0;&amp#14;�&amp#5;&amp#0;&amp#1;&amp#0;&amp#0;&amp#0;j&amp#2;&amp#0;&amp#0;&amp#15;�&amp#5;&amp#0;&amp#1;&amp#0;&amp#0;&amp#0;r&amp#2;&amp#0;&amp#0;&amp#16;�&amp#3;&amp#0;&amp#1;&amp#0;&amp#0;&amp#0;&amp#2;&amp#0;&amp#0;&amp#0;&amp#1;�&amp#3;&amp#0;&amp#1;&amp#0;&amp#0;&amp#0;&amp#0;&amp#0;&amp#0;&amp#0;&amp#2;�&amp#3;&amp#0;&amp#1;&amp#0;&amp#0;&amp#0;&amp#0;&amp#0;&amp#0;&amp#0;&amp#3;�&amp#3;&amp#0;&amp#1;&amp#0;&amp#0;&amp#0;&amp#0;&amp#0;&amp#0;&amp#0;&amp#6;�&amp#3;&amp#0;&amp#1;&amp#0;&amp#0;&amp#0;&amp#0;&amp#0;&amp#0;&amp#0;1�&amp#2;&amp#0;&amp#0;&amp#0;&amp#0;z&amp#2;&amp#0;&amp#0;5�&amp#2;&amp#0;&amp#11;&amp#0;&amp#0;&amp#0;�&amp#2;&amp#0;&amp#0;&amp#0;&amp#0;&amp#0;&amp#0;&amp#1;&amp#0;&amp#0;&amp#0;�&amp#4;&amp#0;&amp#0;2014:10:21 11:03:17&amp#0;2014:10:21 12:03:17&amp#0;`��&amp#0;@B&amp#15;&amp#0;&amp#0;&amp#0;&amp#0;&amp#0;&amp#1;&amp#0;&amp#0;&amp#0;2&amp#0;&amp#0;&amp#0;&amp#1;&amp#0;&amp#0;&amp#0;�/A&amp#0;�&amp#3;&amp#0;&amp#0;&amp#0;u+&amp#0;S&amp#2;&amp#0;&amp#0;222073165826&amp#0;&amp#0;0000000000&amp#0;&amp#0;&amp#5;&amp#0;&amp#0;&amp#0;&amp#1;&amp#0;&amp#4;&amp#0;&amp#0;&amp#0;&amp#2;&amp#2;&amp#0;&amp#0;&amp#1;&amp#0;&amp#2;&amp#0;&amp#2;&amp#0;&amp#0;&amp#0;N&amp#0;&amp#0;&amp#0;&amp#2;&amp#0;&amp#5;&amp#0;&amp#3;&amp#0;&amp#0;&amp#0;�&amp#2;&amp#0;&amp#0;&amp#3;&amp#0;&amp#2;&amp#0;&amp#2;&amp#0;&amp#0;&amp#0;W&amp#0;&amp#0;&amp#0;&amp#4;&amp#0;&amp#5;&amp#0;&amp#3;&amp#0;&amp#0;&amp#0;�&amp#2;&amp#0;&amp#0;&amp#0;&amp#0;&amp#0;&amp#0;&amp#26;&amp#0;&amp#0;&amp#0;&amp#1;&amp#0;&amp#0;&amp#0;+�&amp#5;&amp#0;&amp#16;'&amp#0;&amp#0;&amp#0;&amp#0;&amp#0;&amp#0;&amp#1;&amp#0;&amp#0;&amp#0;N&amp#0;&amp#0;&amp#0;&amp#1;&amp#0;&amp#0;&amp#0;&amp#26;�&amp#3;&amp#0;&amp#16;'&amp#0;&amp#0;&amp#0;&amp#0;&amp#0;&amp#0;&amp#1;&amp#0;&amp#0;&amp#0;&amp#6;&amp#0;&amp#3;&amp#1;&amp#3;&amp#0;&amp#1;&amp#0;&amp#0;&amp#0;&amp#6;&amp#0;&amp#0;&amp#0;&amp#26;&amp#1;&amp#5;&amp#0;&amp#1;&amp#0;&amp#0;&amp#0;T&amp#3;&amp#0;&amp#0;&amp#27;&amp#1;&amp#5;&amp#0;&amp#1;&amp#0;&amp#0;&amp#0;\&amp#3;&amp#0;&amp#0;(&amp#1;&amp#3;&amp#0;&amp#1;&amp#0;&amp#0;&amp#0;&amp#2;&amp#0;&amp#0;&amp#0;&amp#1;&amp#2;&amp#4;&amp#0;&amp#1;&amp#0;&amp#0;&amp#0;d&amp#3;&amp#0;&amp#0;&amp#2;&amp#2;&amp#4;&amp#0;&amp#1;&amp#0;&amp#0;&amp#0;�,&amp#0;&amp#0;&amp#0;&amp#0;&amp#0;&amp#0;H&amp#0;&amp#0;&amp#0;&amp#1;&amp#0;&amp#0;&amp#0;H&amp#0;&amp#0;&amp#0;&amp#1;&amp#0;&amp#0;&amp#0;����&amp#0;�&amp#0;&amp#6;&amp#4;&amp#4;&amp#4;&amp#5;&amp#4;&amp#6;&amp#5;&amp#5;&amp#6;	&amp#6;&amp#5;&amp#6;	&amp#11;&amp#8;&amp#6;&amp#6;&amp#8;&amp#11;&amp#12;

&amp#11;

&amp#12;&amp#16;&amp#12;&amp#12;&amp#12;&amp#12;&amp#12;&amp#12;&amp#16;&amp#12;&amp#12;&amp#12;&amp#12;&amp#12;&amp#12;&amp#12;&amp#12;&amp#12;&amp#12;&amp#12;&amp#12;&amp#12;&amp#12;&amp#12;&amp#12;&amp#12;&amp#12;&amp#12;&amp#12;&amp#12;&amp#12;&amp#12;&amp#12;&amp#12;&amp#12;&amp#12;&amp#12;&amp#1;&amp#7;&amp#7;&amp#7;&amp#12;&amp#24;&amp#16;&amp#16;&amp#24;&amp#20;&amp#14;&amp#14;&amp#14;&amp#20;&amp#20;&amp#14;&amp#14;&amp#14;&amp#14;&amp#20;&amp#17;&amp#12;&amp#12;&amp#12;&amp#12;&amp#12;&amp#17;&amp#17;&amp#12;&amp#12;&amp#12;&amp#12;&amp#12;&amp#12;&amp#17;&amp#12;&amp#12;&amp#12;&amp#12;&amp#12;&amp#12;&amp#12;&amp#12;&amp#12;&amp#12;&amp#12;&amp#12;&amp#12;&amp#12;&amp#12;&amp#12;&amp#12;&amp#12;&amp#12;&amp#12;&amp#12;&amp#12;&amp#12;&amp#12;&amp#12;&amp#12;&amp#12;&amp#12;��&amp#0;&amp#4;&amp#0; ��&amp#0;&amp#14;Adobe&amp#0;d�&amp#0;&amp#0;&amp#0;&amp#1;��&amp#0;&amp#17;&amp#8;&amp#0;�&amp#1;&amp#0;&amp#3;&amp#0;&amp#17;&amp#0;&amp#1;&amp#17;&amp#1;&amp#2;&amp#17;&amp#1;��&amp#0;�&amp#0;&amp#0;&amp#2;&amp#3;&amp#1;&amp#1;&amp#1;&amp#1;&amp#0;&amp#0;&amp#0;&amp#0;&amp#0;&amp#0;&amp#0;&amp#0;&amp#0;&amp#3;&amp#4;&amp#5;&amp#6;&amp#7;&amp#2;&amp#1;&amp#8;&amp#0;&amp#1;&amp#0;&amp#2;&amp#3;&amp#1;&amp#1;&amp#0;&amp#0;&amp#0;&amp#0;&amp#0;&amp#0;&amp#0;&amp#0;&amp#0;&amp#0;&amp#0;&amp#1;&amp#2;&amp#0;&amp#3;&amp#4;&amp#5;&amp#6;&amp#16;&amp#0;&amp#2;&amp#1;&amp#4;&amp#1;&amp#3;&amp#2;&amp#4;&amp#4;&amp#4;&amp#2;&amp#8;&amp#5;&amp#5;&amp#0;&amp#0;&amp#1;&amp#2;&amp#3;&amp#0;&amp#4;&amp#5;&amp#17;&amp#6;&amp#18;!1&amp#7;A&amp#19;"Qa&amp#20;2q�&amp#21;BR�#�&amp#8;$3br���&amp#22;C���&amp#23;����&amp#17;&amp#0;&amp#2;&amp#2;&amp#1;&amp#4;&amp#1;&amp#4;&amp#1;&amp#3;&amp#3;&amp#3;&amp#5;&amp#0;&amp#0;&amp#0;&amp#0;&amp#0;&amp#1;&amp#2;&amp#17;&amp#3;&amp#4;&amp#18;!1A&amp#5;&amp#19;"2Q&amp#20;BbRaqr��S������&amp#0;&amp#12;&amp#3;&amp#0;&amp#0;&amp#1;&amp#17;&amp#2;&amp#17;&amp#0;?&amp#0;�H�_&amp#21;A��])Cb��+&amp#25;HRD�=�ȝ�&amp#5;1&amp#25;����H�ƕ�b����z���j&amp#16;f3D�1&amp#25;�&amp#17;�&amp#21;&amp#6;&amp#14;��!�Q&amp#8;@*&amp#4;�x��a8��r�zg�J��ν��7J�&amp#0;!HϮdiey[�9,O�J�&amp#4;�b7DQIX&amp#26;)��%"��RR(
�.(���>h&amp#8;�&amp#29;+��K&amp#5;�@)���Pl��(�a&amp#21;�Y, 5[`���-���З&amp#26;օg��`�&amp#20;&amp#24;lZE�&amp#25;1gJ&amp#3;&-*��\'cA��&amp#19;s�u[&amp#25;2>SIc!rjY&amp#14;(XB!�&amp#1;�ɢ&amp#17;���`�ȗ�&amp#17;���2&amp#8;&amp#16;��{&amp#25;&S/md�bF&amp#29;e&amp#30;h�[�2��vF(&amp#22;�&amp#11;o��&amp#5;&amp#5;��
l���2�&amp#25;��T�&amp#20;�U&amp#0;!-AX��&amp#4;hRCPZ&amp#18;����F�&amp#26;&amp#5;l���&amp#1;X=�!�UA��7z&amp#12;6&amp#25;M#d���m��i@���}%�e��gd�P%�qJ&amp#20;�:�&amp#26;��Z�X�ր4��A^&amp#30;櫓&amp#25;&amp#17;�7z��&amp#2;h�&amp#14;wR�t����#>(�&amp#7;`4�b��8�[��&amp#27;����&amp#16;� y�yRt[&amp#12;m�=��;�&amp#23;&amp#25;IՍ�}�#�"&amp#29;�z>�4&amp#29;�Y&amp#1;���d6-c2k�����&amp#26;�&amp#18;�6�	d�~�"ۯYg#m��>&amp#25;��Fq��1��A���$L-T�Y[�&amp#11;�)w�d��K'K&amp#21;>AѦ ��&amp#3;PQ9�T&amp#0;��(&amp#8;�f�w�+&amp#18;��R�d|��A&amp#25;&amp#27;9�J+&amp#23;�&amp#17;OwPc�n��&amp#22;0�[a��R0&amp#5;&amp#17;�&amp#27;
H�)l&amp#12;��2IX��W�d?&amp#22;�c nhX�Vf&amp#0;T���\c15�7v6�^A$_&amp#18;G�v&amp#16;�AS���[�&amp#22;�ub�z��a?�b�Yf�����ID��.�&amp#15;n��yb�7E��)F�G�����้��3���V&amp#7;�-�&amp#26;�o'C��&amp#20;S%�v\&amp#27;�_A��\E԰�&amp#14;# &amp#31;�z��m]0n#/,/lg0^@��/��R��&amp#26;V�������E �:&amp#24;�'�Kg{�1�؁�J&amp#23;�#�dύN���&amp#4;�&amp#12;�[�l]�@&amp#3;��j��{VYd~��&amp#31;�&amp#7;�8�x�Lo*��@&amp#24;�{��9$��&amp#8;�O&amp#25;��흈�bT���X0f�R��8t�&amp#15;}sok���&amp#16;#�&amp#24;�C��.9���&amp#5;&amp#24;�-��SH��bκ�p`�W��&amp#5;e���SK@&amp#12;FY<б&amp#24;��R�b��5,B6��&amp#17;�@|�&amp#21;���P&amp#26;��ݨ0X�iU6&amp#18;��0��L���>�Se��f�����Kp�?#�U{������97\�9c&amp#8;��9&amp#16;��.��wЩ�t%s/�&amp#14;A4OL��͉8ԘC{&amp#3;�E�֍���~�ʖײ_�u42M4�%��R\ܣ��q!#�n�Q��W&amp#1;z���<�l���uO��&amp#30;�S�Rב��,j�x��4��&amp#15;�������9G2�%���2*�i&amp#20;��vL�a��?&amp#2;�����w�:hba�&amp#28;=���g�׾��P�&amp#28;H��/��M��X�yx�;h��ʥ���&���U�s{��L�\��&amp#22;�-�N��K&amp#27;{&amp#17;節8f�����w&amp#19;u����n����T�ᇳ&amp#15;�W2Qqt�&amp#1;&amp#20;�S
5?Fsӥ��/gẙ&amp#16;&amp#15;꬚�Sm8���K�]rh��&amp#21;�z�,�=�o��Nly0�����&amp#25;��a�41�׵&amp#29;/�&amp#6;�FL���&amp#8;ů�W&amp#8;Arؽ��G�q)&amp#11;0'`��2�p6��]�9�?7��&6��'Sɿ?a]?N��&amp#20;��b�dWH��Z�&amp#24;�4�&amp#8;-4�&amp#0;�f���)+бX��AX��ڥ��.&amp#8;�DW!bi��?n�,,)�i$�J����&amp#25;&amp#19;���}�UK�F&amp#7;��F
(��|x��ub���{����&amp#11;6�V�GL�2�����&amp#28;�v��F��&amp#24;nx&amp#12;�&amp#4;��Z����&amp#3;�&amp#0;ʛ܇�\���hex�&amp#0;&amp#15;��k�1��&amp#5;�&amp#0;�M&amp#20;��#�1}3��No�R�&amp#23;�\���%w��&amp#21;&amp#30;&amp#31;ò~����Np��Es����&amp#11;�4_&amp#27;�.�؟�ui��j�$��d�?�hťMs�;���{����S),��N�o��W3&�&amp#20;��������&amp#30;^�Je�ll1�����e�܈���3��G�m�Ztz&amp#5;�[�b�%�~Dϩ{k�o&amp#27;���&amp#18;]�Y&amp#15;�&amp#17;����~��zF&amp#8;�y+����)Z���'�G�.��
u�w�W]&amp#25;�&amp#21;�����[i�4N�~��+_�4��z]�|O:�⓴!C��h�՗L��H�/��<��7����&amp#17;R&amp#4;�1qr��7~ݼ�Rd�)��A�|&amp#12;Z���_����ׄO��ţ��I��L3<O��v�&amp#11;�G�H@�&amp#0;}��&amp#3;���V��X���՝�&'tx�&amp#29;�A�����7J�qf��&amp#23;&amp#21;��&amp#31;��d_�b�u&amp#15;�V����E&amp#11;�e��&amp#0;�y&amp#28;��h&amp#3;�Go&amp#23;�&amp#0;�&amp#15;�X�&amp#8;��$[�&amp#6;&amp#2;�,�X��vM2TT����&amp#14;ZN�	b�K��`&amp#18;�ZP1i&amp#30;�V&amp#5;���%m
�&amp#1;&amp#25;�ɢ�f&amp#2;���Wf�`&amp#30;��v  ,O�*�2ċ&7�d�=&amp#29;
~�jG&amp#19;c���-�'��I\����,&amp#28;&amp#23;�L�q6�&amp#8;Uw�V&amp#28;��Lo��Ո�j�n9�0���s!�KCph��}����&amp#18;{�&amp#4;�_����C��3�ŏ򨥞]����&amp#0;&amp#19;f��St_����ଌTx�k_���?P�&amp#14;�蝨�ԀZ��r&amp#24;�ƥ�&amp#16;w"*��ݪ�&Lz��=���%G�&amp#0;a���7���.&amp#23;	"جw&amp#15;�U� $&amp#22;P|&amp#3;���-&amp#19;Ïk�㙗>�uCv�s&amp#31;��I&amp#31;��R}�daȎ\&amp#0;��t7��G�ڞ�(�D^W�Ek�{�A֕>�UY�(��&amp#24;;��7&�G&amp#31;y�/�&amp#18;e���&amp#22;��v	�G�SV�F1���&amp#18;q�햿N2�%ǡ�H&amp#0;��e�ս�aZqJ�#�%���u��V&amp#12;y#۔�P~��&amp#0;^&amp#25;���t&amp#14;�K�]&amp#6;���&amp#21;��&amp#4;�&amp#3;��&amp#24;$G+!�&amp#28;{	��6������~��	�++y?K�T��n�1��?+��&amp#15;ޗڏ���&amp#28;ێ���RY&amp#22;��б��ǒ&amp#27;]&amp#4;�5�ך��&amp#11;�(4�K&amp#22;w�+&amp#0;&amp#7;j&amp#2;�L�,&amp#2;�IA	&&�Z�$�(���lY��uv_�#v�&amp#28;/�P�\b�5R#&amp#27;��欄&amp#18;5F%��&amp#27;o&amp#24;Q�*�&amp#31;i`�KtֵTM�A&amp#18;-}&amp#20;k��5A��֮C!�y��&amp#1;�!�.�Q�Hhn&amp#1;3:0e%YN�&amp#29;�57&amp#5;&amp#18;-�3�t���Ƃ&amp#5;u&amp#7;`ި�&amp#5;7�&amp#27;qkrD�x6
��&amp#23;&amp#21;��&amp#8;�T&amp#15;&amp#20;I���=U�=?G,&amp#17;�?����{�:-&amp#29;W.G��ـ�t&amp#29;��
{�PP��~j�&amp#2;Ȯed.OC���Y��Tf\�:^Aa&amp#3;��&amp#2;M�I�&amp#0;�>&amp#1;�&amp#0;�W&amp#19;_��H�&amp#24;_%&amp#19;�<�&amp#28;t3ƥ͹=_e5�&amp#14;�N�&amp#19;�f��G1I��$}Mlt��׵vt�n5�1�f�6FepY�&amp#7;��֝ܚiP�YVx�&amp#14;�&amp#7;@U�\&amp#21;��G&amp#28;�V�P����y6P1&amp#11;�&amp#23;ο�R��V�-j�&amp#1;�3�/q(`|&amp#16;wV���A�&amp#25;��ˁ��&amp#30;�&�	��.�18XP&amp#22;������
0_]�ֳr&amp#8;≁�%ӑY5&amp#18;�&amp#12;˚��Y�Pf⅂�&amp#26;j&amp#22;&amp#6;��������&amp#27;&amp#3;#n�"�0&������l&amp#5;��:!Z�/�N7��a�QF��^�r�#sʭ��l�k�A�H&amp#14;Do�&amp#0;QG_L~>����}&amp#6;9R&amp#15;&amp#15;6���(��3&amp#0;k:��.��&amp#31;�׭B�^N��0Gi&amp#15;&amp#8;56�&amp#11;�&amp#20;&amp#19;�7D����,�[�&amp#6;�&amp#19;JK����&amp#15;oq���2&amp#25;:&amp#7;�ҽRwɦ/���ƪ��&amp#29;B�&amp#17;�k����a�~	$|A���U�w=&amp#26;~&amp#27;��f�I��;�/�?&amp#26;���p;/H$u�{�}���_-�~��a.Q�I;�2�&amp#29;�n�d�&���t&amp#19;}��y`�&amp#26;&amp#25;�d�t�����:E��Q_�&amp#28;�&amp#15;�&amp#28;�5��o{&amp#31;O���7&amp#23;h�d�(;_SK�>�b��X�&amp#4;G.�z�V�j/���C<��&amp#6;��L&amp#29;�7��&amp#1;��N�X�Ļ&amp#28;T�3�I�󙛕��n��zb
&amp#2;��߰&amp#21;��g�I\�|R�B6��'&amp#20;=+3�&amp#24;�4��,fג�IQ�)�&amp#25;+ll&amp#5;n_�&amp#12;	c�շ&amp#11;m�sΐ&amp#24;�r�X~&amp#21;Y:�z~.�j޳J��!E�e�����C$�v�j�lG!o�M
&amp#21;���xm�#���&amp#16;G徦��Kq�r<�|N|&amp#29;�B&amp#1;=g�G�Դ&amp#12;������mq���:�V�G�<N��K֎Q��&amp#29;&amp#16;j�e���G�5,��ƽ�6&amp#11;$�x��Y�[&amp#25;&amp#19;Qf.�4�G�H�2���i�;��&amp#31;�U�V�TT�1�Y�)���VA�&amp#2;g�Ѕ�&amp#30;��\&amp#12;A~&amp#21;�&amp#6;���h��Um&amp#4;JV�V�_};�&amp#6;��h�D�.zP��t�:�vȲ.�S,���&amp#30;������WfM�&amp#6;�W�x;&amp#12;�� Dp/r<&amp#22;�R���<�|&amp#18;�&amp#30;'ï����	$_�*&amp#1;�&amp#0;*L��˖�"�<�&amp#7;�c��Ecn�&amp#17;��&amp#11;AG&amp#31;T��.̿��N��r�C�"���&amp#29;ƾ�X�ZE&amp#21;�=&amp#23;�͹�1�l��@�s&amp#31;��&amp#20;>°J~2�x?q�&amp#0;K�����&amp#29;6�w$�&amp#0;�lÎY8G&amp#27;6�>��&amp#30;�`p�&amp#5;'O�M"�Y$�Mt���T���ѕ���?����f��h��&amp#31;j���6������Fد&amp#8;�r&amp#12;����c��}�&amp#22;��=&amp#3;3ڋ?>�:���Ig#$�/�|�_Q]�&amp#0;�ƾ'/+o���&amp#26;�&amp#11;~�wK�Rz[��w&amp#22;�2��&amp#27;�څ&amp#11;a����8�˰Q��Yp�\�>�����cx�=(&amp#3;2&amp#2;�ޱ)ru�B�W9�&amp#6;&amp#28;�-���Ў&amp#24;�҂���&amp#22;Ѣ^q�1�1&amp#24;Ƃk�گ��Cm�|�ϱ�c�&Hƕ�?�M�V�F�5"�&amp#23;�YfS���+	&amp#26;})&amp#27; �KTɖ!Ȗ���(*��&amp#20;
 gz�"&amp#3;��E#�\6�'E;R4&amp#16;&amp#18;�F�#:�8�^&amp#11;&amp#11;����&amp#21;,�uکp
Vm�&amp#31;ӌu�p�4a�&amp#14;�f�kF�&amp#2;�E�7�&amp#18;�o�|��"P�4&amp#5;zM�&amp#20;Y&amp#11;������&�Q�U&amp#25;�F�v%l��=C�I�9&amp#31;@&amp#26;��W#S�@��3ʺs��&amp#11;R�&amp#30;0L�cy5�ݟ¹p��L��&amp#17;]xjV�J���&amp#6;i�'&amp#23;�ڃ��&amp#21;�M�X��&amp#7;�X5
�M&amp#24;�j�����p�5i&amp#7;U��,��>�f�S��W�&amp#21;�zN]eyl��H&amp#26;6&amp#27;�]G�]�2���ԇ��E�{�4Mru�Svk�
T1�y��&amp#25;�G��_z�C:B�Vhr�&amp#23;�n��j�Ff&amp#25;D�[�EA�R#*I=��͝܌�3K+&amp#27;���&amp#11;8$����&amp#28;J]�컪�M#&amp#5;���$&amp#25;��KGg&amp#19;	&amp#30;6e��#��&amp#24;��d�=��v(ԕ�D�CՉ�c�@5\h�J��HB�_&amp#28;�9&F1��������mўs���t%�Į���&amp#25;W#���}Z� �4�i�j�o�G3U&amp#14;L�.���9��.ΨX��D�����Cq-U&2&amp#27;�UL#
*�&amp#16;���b����&amp#1;殈R���]Tj��&amp#24;&amp#15;Y{R4&amp#16;&amp#18;&�6�Vh�8���&amp#27;<~Ad�oɤ��&amp#12;��&Ǆ�8��5�v|�z|�"L��q����gm�&amp#0;)�B��"2*&amp#26;2���U4Y&amp#6;a|����YPll�~����4nޚ ��F&amp#6;��k+�&amp#2;,���W-ˍb��&amp#31;֣I�&amp#0;����[���E�$��=�s�7�NNل�&amp#11; w��6��&amp#0;퇫��&amp#27;��Z��&amp#25;�s�r�1$w��h�xv�0=����uN|/&amp#27;��c�IpNq�]qj&amp#22;?�z<2&amp#19;U�c.	��'���&amp#5;=L{�L���eZ��)Azm�h1�O�_�{&amp#29;2�����&��&amp#1;�&amp#29;��c�h�I&amp#20;�g�<&amp#28;��aط�0��&amp#26;�&amp#5;�&amp#8;?��&=ȢQ.\?��#�,E�"�"b&amp#7;Źa�3���{��
=&amp#6;1^	[ܢD@B>��k&amp#14;�\��-n5b�}���`�K3[��f���{�{Uzl�c�H�|�$&amp#26;j1{��&amp#0;��Њm�ʿzX��j��&amp#5;�ﱸ���V*&amp#4;n;&amp#31;��&amp#24;�QN�3�Ӣ���5�g�a4C�&amp#16;t�&amp#31;�G���W;g���z_s�.>4$�d���>�Õ�LY!E&amp#17;&amp#23;�fl�!���&amp#0;&amp#21;[&amp#25;F��l(e&amp#1;���֑��t&amp#8;�+�d��&amp#26;�,�&amp#25;��&amp#18;�)�&amp#1;�&amp#27;�h'&amp#12;�(��&amp#1;B�GΤ�&amp#0;�|
V�\�o&amp#18;�Yc�]3".�&amp#23;u��jv5��tt�g.�V+�Ī�c�Cڽ6�R��2d����f&amp#16;��^�ڬ�:@�l�y&amp#31;����`*�&amp#11;\l��WF��X�5��&amp#3;u&amp#20;���7S�'JY�h���0�}�&amp#0;�z=&amp#28;$�K�f�7&amp#23;H�m峴�m��Hb�i"@&amp#21;T&amp#15;`&amp#5;uRK�38��2B�3�&amp#21;='�E�E�"���.�&amp#30;+��E�wV��Hऩ�����z��m�&amp#6;��X�g�9�Z��O�W&amp#7;W��>c�N�&amp#12;�j���Y���}�&amp#15;jĖ��\�&amp#19;�L���&amp#18;���cO&amp#14;&amp#31;"�m�w#�P��&amp#0;���\&amp#20;e�.8��ߤ&amp#8;��ka�5Ӌ0�&amp#12;_���K��<�L��&amp#22;�&amp#0;&amp#1;ƭ�U�e1�T��&amp#23;�Pptk����&amp#20;�E�Q���J.����sjK&amp#31;���T֜^�&amp#28;��V��Zg&amp#25;Xv�o�(FQk��&amp#7;�]����ʚ&amp#15;�&amp#0;G?Ǟ�&amp#0;��mKN�!E���&amp#1;^�.��j�&amp#2;m����2zu���{����)�������/p��G'�-&amp#25;�@�F[s&amp#12;�D|�&amp#21;?��305AbB|����
C1�V���j�@�R��U&amp#1;F���&amp#19;�#K��h�~�
�:���iti��l`���-sZ0����&amp#28;�;P�&amp#8;��J�	�&amp#27;�&�d�i&amp#19;V�����&amp#19;��&amp#20;m��ay&amp#14;'&amp#24;&amp#17;&amp#24;.������J�&amp#29;�Y�&amp#20;+�w&��7QI &amp#18;!�C&amp#31;j��V-�f&amp#12;��9&amp#22;����I`I���&amp#22;,�2+�u�8&�[�D�&amp#27;��O�M&amp#18;�&amp#0;�Ӧ?q��&amp#24;cVg�+&amp#1;��<�:�4{���5:����v&amp#28;{�&amp#16;��&amp#3;&amp#11;kq&amp#28;W�&amp#8;�κ�ڂ~��Vl^���F�,ɢ�Z.Q�b�&amp#4;����P�� ��uԑ�k
�oyn��&amp#26;�2&amp#2;�&amp#27;�&amp#15;�&amp#6;�X:0��Վ&��&amp#25;l�b�7��O�ڸZ�7�+K�t0�ܹ�Χ�`�1����~��IIsDM#�nE�������&amp#6;*&amp#15;�U$V�&amp#4;���)�/�&amp#6;��:7]�V�k\6>u�#�t��}�x�w��{2���V�-��&amp#30;R)D֒L&amp#4;r�&amp#8;&amp#18;&amp#16;��w&amp#21;�����~ߗ���cʩ��&amp#8;o�����2&amp#0;&amp#0;�&amp#27;�~�Y �G�&amp#18;mm[%���Z�E0��`�m��_�H�&amp#0;���Ú9�;���&amp#19;:�&amp#28;&amp#28;k�X�K|�&amp#5;Jƀl��k]�뻋S&amp#12;��/�`�7&amp#14;Y&amp#19;t�&amp#28;����&amp#5;���|N�����P�5��&amp#18;X��QR5O<�#>^&amp#17;�m�>�7��5�&amp#22;���&amp#23;R�c�@�&amp#3;u�l�F.R�޸/��xzr7&amp#18;\+�]&amp#18;X]�&amp#21;��:��&amp#0;ojYG���ŦK�J��>)}x�"�kE;-&amp#12;]!w�&amp#0;04�)�&amp#25;i"�&amp#19;��&amp#6;�m&amp#31;�5�Ir�&amp#18;}w��&amp#21;D'	�j d��m&amp#25;6w&amp#3;���f����H��;&amp#16;}��ɊP|��&amp#22;&amp#15;O}5����֠Aa&amp#11;��w %v;���f���ydw�xco�&amp#7;�8^7&amp#14;&amp#26;�8&amp#3;��j&amp#7;Q�޿J��4�Б�����F&amp#19;��D&amp#7;.�J�&amp#7;��&amp#0;&amp#31;\��yO�J/֌1�cB6���_&amp#19;�,{&amp#21;R��&amp#30;j�dPF�I&amp#25;/.�&amp#23;�����&amp#0;��X�-��D�Wl�W�&amp#19;�kIZ)&amp#7;�>jFn=&amp#21;Yd��7*��r�M{��&amp#0;�o��f���y�}(���&amp#31;���&amp#22;�A��Z&amp#12;&amp#5;�
�s<J��g&amp#29;G���_&amp#20;El����p�5���vLKܱ�W/Q�K��/�&amp#19;v&amp#23;%�F=��^�\��k&amp#17;�0b��&amp#24;$iN��W&amp#30;8��NI|i�r����&amp#20;�<c&amp#27;k��ݢ��&amp#5;&amp#27;7���{>tk�����'ً,T�Q.pd&amp#8;#gǚ��F)!>c.?#Ǯl�X&amp#2;�&amp#12;L|�&amp#7;�&amp#31;�U�Q�&amp#26;ca�$ϛ�F��&amp#29;�H&amp#24;�o}W&amp#14;x&amp#26;:&amp#30;�&�]�8�U��v	&amp#28;s(���\&amp#21;?���=���M\Z>����t;�lj�&amp#2;g2��ݚ]�&amp#20;W)0�&amp#27;����՟S�d�E�rmvcWw9�3Q��or�uF�m��b:�~W�+��&amp#28;ۧ����&amp#0;����]&amp#12;r��Lh��8�l��ʩ�.��6>�.m&amp#30;(cQ]�9d��.<_3��&amp#17;&amp#17;�>�&amp#20;|ʤ���R|�[t��O�&amp#31;�¼�I�'�2&amp#16;<��[�O�&amp#31;�&amp#24;�=�&amp#0;��U4����3��&amp#5;��T�<)�&amp#17;<���&amp#31;q]G&amp#25;?�c�H����묝����T���&amp#31;�d�m��Ϛ�"07���Xރ��O&amp#28;�=�#�{U&amp#19;*�-�L�&amp#21;r�&amp#26;&amp#24;.!q-�ꮌ>�o��9�K���A4&amp#30;KՌ,�A�(�R���&amp#3;�F3�J�����V,1�ܾ���M*&amp#20;�p�7*���C&amp#31;QFySA�T�������&amp#21;g36:n˦&amp#31;&amp#15;��٭�2�-���F&amp#0;&amp#27;>Oo�o�&amp#20;U"��o�4Y&amp#17;���&amp#21;��G
�]�&amp#5;&amp#1;�]
V�Al94��`�栲�S�&amp#3;1���Ne��߅�&amp#21;D��@�d<���]�&amp#1;�&amp#16;�OM=1���&amp#18;]�pl�6�>%�OS;&amp#3;����?3S�+��v,Nf����&amp#21;1�ȏ@&amp#2;6�c��kc�\���Q?g&amp#26;���,�_�N��J��t�~��6�&amp#31;&amp#12;��W�6�M�&amp#18;O�ƺxt8t����J_i���y]���O��X頵_�D&amp#24;�%�&amp#0;ӷ�x��X5&amp#30;�&amp#24;�0Ԛ���Ҷ�L�rx�I��k�>+D[kw.�`&amp#29;�@��t��Sk|�/{W&amp#8;�q&amp#24;l���&amp#23;�a����$����=���E�2p����QR`r�R�/g-�Œ���S�N��j{&amp#21;�\�T�>G�l�yK�&amp#27;�:f���)�ꍊ�&amp#31;ڱ�~&amp#25;�Yec&amp#24;>R��&amp#5;���&amp#30;���Ҵm���H���s&amp#8;r<N��H%��~&amp#21;Ώ�֝��]5t�ٯ&amp#26;o�d�ˎ��m����`��-�&amp#15;��$��2r`i$Xn��2)�$���,���&amp#26;l��/��#6�d>W�`�-ͺ:�&amp#17;���&amp#0;q�Y2�~&amp#25;�q.��q�ɐ���I��
�&amp#2;�d�&amp#6;&amp#29;�bŋ&amp#23;�+h�r�,$���&amp#26;&amp#4;�&amp#27;�(g�&amp#12;���	���}��&amp#27;��Y�&amp#23;0=ŭ�X��R
���O�_&amp#21;F8�&amp#27;�.�&amp#27;��Rq�*�{^E�&amp#17;�̲̉��c'���<��&amp#29;�<qm6]�^��_���pl�7&amp#8;&amp#24;H&amp#25;����W:&amp#26;�Ի5~�-ZE�&amp#19;��&amp#11;�K&amp#27;Yݔc��Hv�˿p=�����&amp#21;�ъ5I��+ �?��ʆ=�c�z~_��i͞="F�3
�}3k�&amp#30;���9�$�?d��>�@&amp#1;�H���]&amp#20;I���E��ԄbW��&amp#26;�pD����&amp#1;\�3P��&amp#0;Хr&amp#5;	�.�&amp#27;&amp#1;&amp#31;9;5[&amp#21;�J(P��(�@,)�`\Q!�z#��d���&x`��*�F�&amp#16;��&amp#31;���)s�Y!M���dh�d͋\|)�&amp#12;q�؎�>گ7(c߶�Gv2��K����Z�贗R�n����u��}�(6c�
��{���J�&amp#0;���&amp#5; �&amp#0;�&amp#7;cu�E��&amp#25;�ղ��%T�F*��)&amp#29;��跍��l��&amp#1;�v=�&amp#29;&\��?�o�fw�1T����&amp#22;i#�LD&amp#21;&amp#29;��C	$�&amp#18;�#�G9��`�3&amp#19;�8��&amp#14;�g֑&amp#7;ݛB��!&amp#28;iY�NF�k����纕�^:�b��f�ݘ�&amp#21;��&amp#16;�.1�rXy�¸�%?̌G���1>��6`�\K��n&amp#31;�V&amp#30;[(-��Z�&amp#17;U��&amp#0;<n@��_2n�ŭ��_&amp#22;i�ܮKŷ)����g�x�&amp#5;Z6��5�fL�ڤ&amp#21;���W��S�&�&amp#12;�,����z&amp#19;&amp#31;�#
��&amp#21;z|o�ssejlю��y�\��H`��rP�&amp#6;n�&amp#24;�ğ�&amp#6;�B|r$��3kFx���˹&amp#7;⧑��&amp#8;�#&amp#5;��;-��Cb�L_��o�n&amp#14;_�w&amp#31;��V��&amp#4;�2�&amp#0;�uSn�C��<Y����!&amp#0;���H�/�
�@�&amp#7;j��P�&amp#26;,ǭ�X�&amp#31;�&amp#25;�s����1�&amp#0;a�_��p&amp#30;�.���&amp#0;����b�oɩc��^5��y�#a&amp#20;(&amp#3;��Mz�&amp#30;�ۏ��×5�	(�!R&amp#31;���o�V݉&amp#20;�c�2�;v&amp#30;�tQ[g�/&amp#1;��&amp#20;F��j�
?��&amp#12;�\�ʨFI&amp#14;�&amp#27;&amp#21;�,ۨ#@$&amp#20;&amp#5;b���#&amp#21;q�&amp#0;��@2j�KG���&amp#27;��r�<��C�o&amp#16;&amp#31;&amp#15;���yn��G�&amp#0;�gN4i��Q|�&amp#12;Ϭ\?���&amp#11;���v&amp#0;&amp#2;1��`ZH���A��]&amp#19;|&amp#15;)���9���Z�!1p�i3�&amp#27;Z1�b����Fũ��&amp#20;NAk&amp#4;w&amp#18;L"&amp#8;�h~�j�itp��K��͹Pi-��&amp#29;�ROb;��Z&amp#27;�0x�3}���(�&amp#1;! I)�RH�����ɓ�D'�>�&amp#28;� C��	�o&amp#26;&amp#3;�/��Ty?�Ia㲜�3�l�&amp#14;�%��锞��EU&amp#22;d�i�d�r&amp#28;�I&amp#28;Nfk):I��&amp#21;Fl
_�ч;��-1N�(����}w1�S��s����MI&amp#22;�;���&amp#6;������T��&amp#0;��Ye}�QE���]�#hl㉕����]��w;>�c�EQ����;����&amp#22;�+�#:�&amp#25;��&amp#0;�E��&amp#19;4&amp#26;�&amp#6;!qy{<��M$���&amp#0;&amp#17;�&amp#29;��vy��^B��j���+n��e�jF��&amp#30;&amp#26;�K댌�/&amp#30;�7�+~�&amp#26;�5a\Y�%���$l&amp#24;&amp#14;�U�m&amp#22;�fXT�&amp#0;�ֆ�X���)�@"�ɕ'�$�&amp#20;�-�)�wB.��&amp#31;��Nf�C&amp#20;JC�QX&amp#18;uD��v�P��JEB�,�u&amp#16;&amp#14;&amp#24;Q&amp#8;��*&amp#4;������??!��<#mw2���&amp#7;nO�����4���k>��	x�b��&amp#5;ū�&amp#18;i
v�H��k�&amp#0;1&amp#21;�4��&amp#11;�M�4I�u��xߍ&amp#25;&amp#17;�aU&amp#23;���>:��Za�MXqd܉���|m���ӈ�C$�{&amp#1;U�\�7pY�?�Au�a���\�C�&amp#0;7zӍ�S3��!}'�F&amp#12;<�Qht�+�OM�3y#+��&amp#7;{&amp#29;�����,xԌ�-�E�Q�&amp#3;�q����&E�L�7���r# �������W���^��u�eU&amp#31;aE�&amp#31;��H�&amp#0;$�?�>4&amp#25;&amp#30;�&amp#3;��V\�T�5����J{����#�gQ�[-�.@�E��:&amp#20;/�&amp#2;�=�4�c?4mMai4g|�&amp#24;�����6��8'�&amp#30;[�l�J�[&amp#20;�&amp#12;Q|�&amp#22;�Ֆ���}*ʽ��`��7�Z�f��7i�fˀo�^RK,�&amp#30;�տ&amp#4;��i̸'.2j��)�[&amp#12;�J��]�&amp#25;&amp#0;$���gNV^��	y&amp#4;D��%&amp#7;����n@I&amp#12;`�s�^�<��b�'&amp#19;��BZ�F))�El]ځ[&amp#0;�@��}��0Dj�&amp#20;��5�B��d�&amp#25;ǚF1��&amp#0;��&amp#20;I�2Y�@�X����&amp#0;\���U��8Rr.¹2�&amp#0;Q�Rg��S"�ԏ3G&amp#15;�&amp#17;�zW_�u�s�&amp#11;��W�9\�&amp#26;�/�����xu�&amp#30;�G���O&amp#25;��&amp#21;��d�ޥr�Y��&amp#26;��&amp#27;tѸ[`���[·���ɝ>�&amp#30;S��&amp#27;&amp#31;�&amp#25;���..��h�&amp#15;�n��&amp#17;�֭6[U�.�F����t�Z���U&amp#20;>i|���QH]w'޹���"�tg�&amp#28;�S&amp#31;�s2LxY&amp#31;&amp#30;a�p�m��&amp#1;Ub��ԗ&amp#5;��y&amp#22;l�$Z�����_����M��&amp#20;O,b\��3&amp#31;%���ܲ9&amp#29;��ҽ6>YK�?&amp#5;&amp#23;=���Q\��W!��T5L�R_W��&amp#26;��*rzQ͠�)k��R<2&amp#0;&amp#20;�����z�����&amp#26;�&amp#11;��ʋ���h�zRW&amp#0;�?N��A�Q�*&amp#26;3����m�6d&amp#0;&amp#11;뱥�+͉M&amp#25;��*k&amp#11;�&amp#28;��ﱫ}�G&amp#7;.���Y\N@�wH�&amp#24;6k^�p���?&amp#22;�
��c�kF&amp#28;;��5�&amp#27;��ĸ��t��򟸮�q�����9̭��&amp#18;Ct�!��A�Q=R��:��˟V�S��3�ި��%��B���w*��ۓ,�*&amp#18;w���&amp#22;��Dp'�<��&amp#11;&amp#28;*�&amp#15;�&amp#1;,�O�n��fy��Ӎ�A��1[&amp#18;��+&amp#23;c@��j&amp#5;l�&amp#8;�5&amp#2;&amp#1;jb&amp#11;�;T&amp#8;���+
6�2Éz&amp#25;}�:K��[D|&amp#18;d�&amp#0;&amp#14;?��[��&amp#18;5c�6|��$�U�&amp#20;��&amp#16;&amp#21;GrI�b�EY�p_@mg��#�� 8&amp#12;-T�&amp#1;��k�oj5��_f�a��&amp#24;�6���&amp#23;�X@|}�/ZÊt՝H�&amp#27;\&amp#29;�(2��i��&amp#0;7f�Z&amp#0;WsK�K/�&amp#25;3i�K*c��&amp#7;���a�O�]h�ɗs y>&amp#30;�%&amp#17;��޾V&amp#30;wUj1)�-�*1&amp#14;U��&amp#29;|��&amp#15;���&amp#17;\<�v�f�%D���F|���������&��&amp#26;��.�ߎⅿs�&amp#6;�M�&amp#14;X�M_\�0�&amp#14;��kYI&amp#29;��L�o#�4x%3��'_b:�R�@M�s�&amp#22;��^&amp#24;�c&amp#14;&amp#3;&amp#14;���+V�%�Ek��s��+\��X^l�!�%&amp#30;&amp#15;��X��>c�f�Z�G��1�Kť��K&amp#27;�~�x�0�e>�\����4d�&amp#28;��7�����&amp#20;��ZlQ��ȱ�7�&amp#30;6���&amp#21;&amp#20;.�vq�E&amp#8;�3Yd������rmE��f9����H��}�&amp#27;:�ɺ0Te댸��[½LN�&amp#20;o�J&amp#6;��xm�:AwvD�:�G�����aI�)�No�� �&amp#7;`k�)�3N&amp#22;�ԅ���1&amp#24;��F &amp#22;�b�g�B�p|�&amp#20;�T@&amp#2;��@$���&amp#17;�ޕ�&amp#26;׬��>�q�X�E�&amp#4;-&amp#24;�zb�Z���j����>�&amp#27;��&amp#22;P�N�cz5�&amp#26;*��G�vd�&amp#2;,�0׏�+&������&amp#16;�E&amp#31;K/H��j�&amp#26;�q��^93�=&amp#12;_�'�v�]oG��>��Ne��N�z��9L��Gߚ&amp#12;�%S��Zܛc<a�p	?Oڹ����}��?ciki&amp#26;[ı(&amp#3;��3
�k�E�ϴ}�������;),�&amp#17;~oz�|��"�&amp#29;��&amp#30;��&&amp#24;�&amp#8;�(=���&amp#26;�+&amp#28;�&amp#21;M�]e#ѳ|?>h����&amp#4;-��@g�h�&amp#20;�̽M���&amp#21;�[&amp#20;�f�3{��&amp#11;$�+&amp#31;͡޹�o��P�5����c�]uф�r&amp#25;d2&amp#16;X�;R͘�*y���X[�&amp#5;?�*�6W��&amp#15;cTC��t^,����&amp#24;���除��鲾&amp#3;&amp#20;����.&amp#0;Photoshop 3.0&amp#0;8BIM&amp#3;�&amp#0;&amp#0;&amp#0;&amp#0;&amp#0;&amp#16;&amp#0;�&amp#0;&amp#0;&amp#0;&amp#1;&amp#0;&amp#1;&amp#0;�&amp#0;&amp#0;&amp#0;&amp#1;&amp#0;&amp#1;8BIM&amp#4;&amp#4;&amp#0;&amp#0;&amp#0;&amp#0;&amp#0;�&amp#28;&amp#1;Z&amp#0;&amp#3;&amp#27;%G&amp#28;&amp#2;&amp#0;&amp#0;&amp#2;&amp#0;&amp#4;&amp#28;&amp#2;&amp#25;&amp#0;&amp#7;Bahamas&amp#28;&amp#2;&amp#25;&amp#0;&amp#5;Canon&amp#28;&amp#2;&amp#25;&amp#0;&amp#8;Cruzeiro&amp#28;&amp#2;&amp#25;&amp#0;&amp#3;EUA&amp#28;&amp#2;&amp#25;&amp#0;&amp#4;Flor&amp#28;&amp#2;&amp#25;&amp#0;&amp#2;T3&amp#28;&amp#2;7&amp#0;&amp#8;20141021&amp#28;&amp#2;<&amp#0;&amp#6;110317&amp#28;&amp#2;>&amp#0;&amp#8;20141021&amp#28;&amp#2;?&amp#0;&amp#6;120317&amp#28;&amp#2;P&amp#0;&amp#12;Wagner Costa&amp#28;&amp#2;_&amp#0;&amp#17;West Grand Bahama&amp#28;&amp#2;d&amp#0;&amp#2;BS&amp#28;&amp#2;e&amp#0;&amp#11;The Bahamas8BIM&amp#4;&amp#12;&amp#0;&amp#0;&amp#0;&amp#0;,�&amp#0;&amp#0;&amp#0;&amp#1;&amp#0;&amp#0;&amp#1;&amp#0;&amp#0;&amp#0;&amp#0;�&amp#0;&amp#0;&amp#3;&amp#0;&amp#0;&amp#2;&amp#1;&amp#0;&amp#0;&amp#0;,�&amp#0;&amp#24;&amp#0;&amp#1;����&amp#0;�&amp#0;&amp#6;&amp#4;&amp#4;&amp#4;&amp#5;&amp#4;&amp#6;&amp#5;&amp#5;&amp#6;	&amp#6;&amp#5;&amp#6;	&amp#11;&amp#8;&amp#6;&amp#6;&amp#8;&amp#11;&amp#12;

&amp#11;

&amp#12;&amp#16;&amp#12;&amp#12;&amp#12;&amp#12;&amp#12;&amp#12;&amp#16;&amp#12;&amp#12;&amp#12;&amp#12;&amp#12;&amp#12;&amp#12;&amp#12;&amp#12;&amp#12;&amp#12;&amp#12;&amp#12;&amp#12;&amp#12;&amp#12;&amp#12;&amp#12;&amp#12;&amp#12;&amp#12;&amp#12;&amp#12;&amp#12;&amp#12;&amp#12;&amp#12;&amp#12;&amp#1;&amp#7;&amp#7;&amp#7;&amp#12;&amp#24;&amp#16;&amp#16;&amp#24;&amp#20;&amp#14;&amp#14;&amp#14;&amp#20;&amp#20;&amp#14;&amp#14;&amp#14;&amp#14;&amp#20;&amp#17;&amp#12;&amp#12;&amp#12;&amp#12;&amp#12;&amp#17;&amp#17;&amp#12;&amp#12;&amp#12;&amp#12;&amp#12;&amp#12;&amp#17;&amp#12;&amp#12;&amp#12;&amp#12;&amp#12;&amp#12;&amp#12;&amp#12;&amp#12;&amp#12;&amp#12;&amp#12;&amp#12;&amp#12;&amp#12;&amp#12;&amp#12;&amp#12;&amp#12;&amp#12;&amp#12;&amp#12;&amp#12;&amp#12;&amp#12;&amp#12;&amp#12;&amp#12;��&amp#0;&amp#4;&amp#0; ��&amp#0;&amp#14;Adobe&amp#0;d�&amp#0;&amp#0;&amp#0;&amp#1;��&amp#0;&amp#17;&amp#8;&amp#0;�&amp#1;&amp#0;&amp#3;&amp#0;&amp#17;&amp#0;&amp#1;&amp#17;&amp#1;&amp#2;&amp#17;&amp#1;��&amp#0;�&amp#0;&amp#0;&amp#2;&amp#3;&amp#1;&amp#1;&amp#1;&amp#1;&amp#0;&amp#0;&amp#0;&amp#0;&amp#0;&amp#0;&amp#0;&amp#0;&amp#0;&amp#3;&amp#4;&amp#5;&amp#6;&amp#7;&amp#2;&amp#1;&amp#8;&amp#0;&amp#1;&amp#0;&amp#2;&amp#3;&amp#1;&amp#1;&amp#0;&amp#0;&amp#0;&amp#0;&amp#0;&amp#0;&amp#0;&amp#0;&amp#0;&amp#0;&amp#0;&amp#1;&amp#2;&amp#0;&amp#3;&amp#4;&amp#5;&amp#6;&amp#16;&amp#0;&amp#2;&amp#1;&amp#4;&amp#1;&amp#3;&amp#2;&amp#4;&amp#4;&amp#4;&amp#2;&amp#8;&amp#5;&amp#5;&amp#0;&amp#0;&amp#1;&amp#2;&amp#3;&amp#0;&amp#4;&amp#5;&amp#17;&amp#6;&amp#18;!1&amp#7;A&amp#19;"Qa&amp#20;2q�&amp#21;BR�#�&amp#8;$3br���&amp#22;C���&amp#23;����&amp#17;&amp#0;&amp#2;&amp#2;&amp#1;&amp#4;&amp#1;&amp#4;&amp#1;&amp#3;&amp#3;&amp#3;&amp#5;&amp#0;&amp#0;&amp#0;&amp#0;&amp#0;&amp#1;&amp#2;&amp#17;&amp#3;&amp#4;&amp#18;!1A&amp#5;&amp#19;"2Q&amp#20;BbRaqr��S������&amp#0;&amp#12;&amp#3;&amp#0;&amp#0;&amp#1;&amp#17;&amp#2;&amp#17;&amp#0;?&amp#0;�H�_&amp#21;A��])Cb��+&amp#25;HRD�=�ȝ�&amp#5;1&amp#25;����H�ƕ�b����z���j&amp#16;f3D�1&amp#25;�&amp#17;�&amp#21;&amp#6;&amp#14;��!�Q&amp#8;@*&amp#4;�x��a8��r�zg�J��ν��7J�&amp#0;!HϮdiey[�9,O�J�&amp#4;�b7DQIX&amp#26;)��%"��RR(
�.(���>h&amp#8;�&amp#29;+��K&amp#5;�@)���Pl��(�a&amp#21;�Y, 5[`���-���З&amp#26;օg��`�&amp#20;&amp#24;lZE�&amp#25;1gJ&amp#3;&-*��\'cA��&amp#19;s�u[&amp#25;2>SIc!rjY&amp#14;(XB!�&amp#1;�ɢ&amp#17;���`�ȗ�&amp#17;���2&amp#8;&amp#16;��{&amp#25;&S/md�bF&amp#29;e&amp#30;h�[�2��vF(&amp#22;�&amp#11;o��&amp#5;&amp#5;��
l���2�&amp#25;��T�&amp#20;�U&amp#0;!-AX��&amp#4;hRCPZ&amp#18;����F�&amp#26;&amp#5;l���&amp#1;X=�!�UA��7z&amp#12;6&amp#25;M#d���m��i@���}%�e��gd�P%�qJ&amp#20;�:�&amp#26;��Z�X�ր4��A^&amp#30;櫓&amp#25;&amp#17;�7z��&amp#2;h�&amp#14;wR�t����#>(�&amp#7;`4�b��8�[��&amp#27;����&amp#16;� y�yRt[&amp#12;m�=��;�&amp#23;&amp#25;IՍ�}�#�"&amp#29;�z>�4&amp#29;�Y&amp#1;���d6-c2k�����&amp#26;�&amp#18;�6�	d�~�"ۯYg#m��>&amp#25;��Fq��1��A���$L-T�Y[�&amp#11;�)w�d��K'K&amp#21;>AѦ ��&amp#3;PQ9�T&amp#0;��(&amp#8;�f�w�+&amp#18;��R�d|��A&amp#25;&amp#27;9�J+&amp#23;�&amp#17;OwPc�n��&amp#22;0�[a��R0&amp#5;&amp#17;�&amp#27;
H�)l&amp#12;��2IX��W�d?&amp#22;�c nhX�Vf&amp#0;T���\c15�7v6�^A$_&amp#18;G�v&amp#16;�AS���[�&amp#22;�ub�z��a?�b�Yf�����ID��.�&amp#15;n��yb�7E��)F�G�����้��3���V&amp#7;�-�&amp#26;�o'C��&amp#20;S%�v\&amp#27;�_A��\E԰�&amp#14;# &amp#31;�z��m]0n#/,/lg0^@��/��R��&amp#26;V�������E �:&amp#24;�'�Kg{�1�؁�J&amp#23;�#�dύN���&amp#4;�&amp#12;�[�l]�@&amp#3;��j��{VYd~��&amp#31;�&amp#7;�8�x�Lo*��@&amp#24;�{��9$��&amp#8;�O&amp#25;��흈�bT���X0f�R��8t�&amp#15;}sok���&amp#16;#�&amp#24;�C��.9���&amp#5;&amp#24;�-��SH��bκ�p`�W��&amp#5;e���SK@&amp#12;FY<б&amp#24;��R�b��5,B6��&amp#17;�@|�&amp#21;���P&amp#26;��ݨ0X�iU6&amp#18;��0��L���>�Se��f�����Kp�?#�U{������97\�9c&amp#8;��9&amp#16;��.��wЩ�t%s/�&amp#14;A4OL��͉8ԘC{&amp#3;�E�֍���~�ʖײ_�u42M4�%��R\ܣ��q!#�n�Q��W&amp#1;z���<�l���uO��&amp#30;�S�Rב��,j�x��4��&amp#15;�������9G2�%���2*�i&amp#20;��vL�a��?&amp#2;�����w�:hba�&amp#28;=���g�׾��P�&amp#28;H��/��M��X�yx�;h��ʥ���&���U�s{��L�\��&amp#22;�-�N��K&amp#27;{&amp#17;節8f�����w&amp#19;u����n����T�ᇳ&amp#15;�W2Qqt�&amp#1;&amp#20;�S
5?Fsӥ��/gẙ&amp#16;&amp#15;꬚�Sm8���K�]rh��&amp#21;�z�,�=�o��Nly0�����&amp#25;��a�41�׵&amp#29;/�&amp#6;�FL���&amp#8;ů�W&amp#8;Arؽ��G�q)&amp#11;0'`��2�p6��]�9�?7��&6��'Sɿ?a]?N��&amp#20;��b�dWH��Z�&amp#24;�4�&amp#8;-4�&amp#0;�f���)+бX��AX��ڥ��.&amp#8;�DW!bi��?n�,,)�i$�J����&amp#25;&amp#19;���}�UK�F&amp#7;��F
(��|x��ub���{����&amp#11;6�V�GL�2�����&amp#28;�v��F��&amp#24;nx&amp#12;�&amp#4;��Z����&amp#3;�&amp#0;ʛ܇�\���hex�&amp#0;&amp#15;��k�1��&amp#5;�&amp#0;�M&amp#20;��#�1}3��No�R�&amp#23;�\���%w��&amp#21;&amp#30;&amp#31;ò~����Np��Es����&amp#11;�4_&amp#27;�.�؟�ui��j�$��d�?�hťMs�;���{����S),��N�o��W3&�&amp#20;��������&amp#30;^�Je�ll1�����e�܈���3��G�m�Ztz&amp#5;�[�b�%�~Dϩ{k�o&amp#27;���&amp#18;]�Y&amp#15;�&amp#17;����~��zF&amp#8;�y+����)Z���'�G�.��
u�w�W]&amp#25;�&amp#21;�����[i�4N�~��+_�4��z]�|O:�⓴!C��h�՗L��H�/��<��7����&amp#17;R&amp#4;�1qr��7~ݼ�Rd�)��A�|&amp#12;Z���_����ׄO��ţ��I��L3<O��v�&amp#11;�G�H@�&amp#0;}��&amp#3;���V��X���՝�&'tx�&amp#29;�A�����7J�qf��&amp#23;&amp#21;��&amp#31;��d_�b�u&amp#15;�V����E&amp#11;�e��&amp#0;�y&amp#28;��h&amp#3;�Go&amp#23;�&amp#0;�&amp#15;�X�&amp#8;��$[�&amp#6;&amp#2;�,�X��vM2TT����&amp#14;ZN�	b�K��`&amp#18;�ZP1i&amp#30;�V&amp#5;���%m
�&amp#1;&amp#25;�ɢ�f&amp#2;���Wf�`&amp#30;��v  ,O�*�2ċ&7�d�=&amp#29;
~�jG&amp#19;c���-�'��I\����,&amp#28;&amp#23;�L�q6�&amp#8;Uw�V&amp#28;��Lo��Ո�j�n9�0���s!�KCph��}����&amp#18;{�&amp#4;�_����C��3�ŏ򨥞]����&amp#0;&amp#19;f��St_����ଌTx�k_���?P�&amp#14;�蝨�ԀZ��r&amp#24;�ƥ�&amp#16;w"*��ݪ�&Lz��=���%G�&amp#0;a���7���.&amp#23;	"جw&amp#15;�U� $&amp#22;P|&amp#3;���-&amp#19;Ïk�㙗>�uCv�s&amp#31;��I&amp#31;��R}�daȎ\&amp#0;��t7��G�ڞ�(�D^W�Ek�{�A֕>�UY�(��&amp#24;;��7&�G&amp#31;y�/�&amp#18;e���&amp#22;��v	�G�SV�F1���&amp#18;q�햿N2�%ǡ�H&amp#0;��e�ս�aZqJ�#�%���u��V&amp#12;y#۔�P~��&amp#0;^&amp#25;���t&amp#14;�K�]&amp#6;���&amp#21;��&amp#4;�&amp#3;��&amp#24;$G+!�&amp#28;{	��6������~��	�++y?K�T��n�1��?+��&amp#15;ޗڏ���&amp#28;ێ���RY&amp#22;��б��ǒ&amp#27;]&amp#4;�5�ך��&amp#11;�(4�K&amp#22;w�+&amp#0;&amp#7;j&amp#2;�L�,&amp#2;�IA	&&�Z�$�(���lY��uv_�#v�&amp#28;/�P�\b�5R#&amp#27;��欄&amp#18;5F%��&amp#27;o&amp#24;Q�*�&amp#31;i`�KtֵTM�A&amp#18;-}&amp#20;k��5A��֮C!�y��&amp#1;�!�.�Q�Hhn&amp#1;3:0e%YN�&amp#29;�57&amp#5;&amp#18;-�3�t���Ƃ&amp#5;u&amp#7;`ި�&amp#5;7�&amp#27;qkrD�x6
��&amp#23;&amp#21;��&amp#8;�T&amp#15;&amp#20;I���=U�=?G,&amp#17;�?����{�:-&amp#29;W.G��ـ�t&amp#29;��
{�PP��~j�&amp#2;Ȯed.OC���Y��Tf\�:^Aa&amp#3;��&amp#2;M�I�&amp#0;�>&amp#1;�&amp#0;�W&amp#19;_��H�&amp#24;_%&amp#19;�<�&amp#28;t3ƥ͹=_e5�&amp#14;�N�&amp#19;�f��G1I��$}Mlt��׵vt�n5�1�f�6FepY�&amp#7;��֝ܚiP�YVx�&amp#14;�&amp#7;@U�\&amp#21;��G&amp#28;�V�P����y6P1&amp#11;�&amp#23;ο�R��V�-j�&amp#1;�3�/q(`|&amp#16;wV���A�&amp#25;��ˁ��&amp#30;�&�	��.�18XP&amp#22;������
0_]�ֳr&amp#8;≁�%ӑY5&amp#18;�&amp#12;˚��Y�Pf⅂�&amp#26;j&amp#22;&amp#6;��������&amp#27;&amp#3;#n�"�0&������l&amp#5;��:!Z�/�N7��a�QF��^�r�#sʭ��l�k�A�H&amp#14;Do�&amp#0;QG_L~>����}&amp#6;9R&amp#15;&amp#15;6���(��3&amp#0;k:��.��&amp#31;�׭B�^N��0Gi&amp#15;&amp#8;56�&amp#11;�&amp#20;&amp#19;�7D����,�[�&amp#6;�&amp#19;JK����&amp#15;oq���2&amp#25;:&amp#7;�ҽRwɦ/���ƪ��&amp#29;B�&amp#17;�k����a�~	$|A���U�w=&amp#26;~&amp#27;��f�I��;�/�?&amp#26;���p;/H$u�{�}���_-�~��a.Q�I;�2�&amp#29;�n�d�&���t&amp#19;}��y`�&amp#26;&amp#25;�d�t�����:E��Q_�&amp#28;�&amp#15;�&amp#28;�5��o{&amp#31;O���7&amp#23;h�d�(;_SK�>�b��X�&amp#4;G.�z�V�j/���C<��&amp#6;��L&amp#29;�7��&amp#1;��N�X�Ļ&amp#28;T�3�I�󙛕��n��zb
&amp#2;��߰&amp#21;��g�I\�|R�B6��'&amp#20;=+3�&amp#24;�4��,fג�IQ�)�&amp#25;+ll&amp#5;n_�&amp#12;	c�շ&amp#11;m�sΐ&amp#24;�r�X~&amp#21;Y:�z~.�j޳J��!E�e�����C$�v�j�lG!o�M
&amp#21;���xm�#���&amp#16;G徦��Kq�r<�|N|&amp#29;�B&amp#1;=g�G�Դ&amp#12;������mq���:�V�G�<N��K֎Q��&amp#29;&amp#16;j�e���G�5,��ƽ�6&amp#11;$�x��Y�[&amp#25;&amp#19;Qf.�4�G�H�2���i�;��&amp#31;�U�V�TT�1�Y�)���VA�&amp#2;g�Ѕ�&amp#30;��\&amp#12;A~&amp#21;�&amp#6;���h��Um&amp#4;JV�V�_};�&amp#6;��h�D�.zP��t�:�vȲ.�S,���&amp#30;������WfM�&amp#6;�W�x;&amp#12;�� Dp/r<&amp#22;�R���<�|&amp#18;�&amp#30;'ï����	$_�*&amp#1;�&amp#0;*L��˖�"�<�&amp#7;�c��Ecn�&amp#17;��&amp#11;AG&amp#31;T��.̿��N��r�C�"���&amp#29;ƾ�X�ZE&amp#21;�=&amp#23;�͹�1�l��@�s&amp#31;��&amp#20;>°J~2�x?q�&amp#0;K�����&amp#29;6�w$�&amp#0;�lÎY8G&amp#27;6�>��&amp#30;�`p�&amp#5;'O�M"�Y$�Mt���T���ѕ���?����f��h��&amp#31;j���6������Fد&amp#8;�r&amp#12;����c��}�&amp#22;��=&amp#3;3ڋ?>�:���Ig#$�/�|�_Q]�&amp#0;�ƾ'/+o���&amp#26;�&amp#11;~�wK�Rz[��w&amp#22;�2��&amp#27;�څ&amp#11;a����8�˰Q��Yp�\�>�����cx�=(&amp#3;2&amp#2;�ޱ)ru�B�W9�&amp#6;&amp#28;�-���Ў&amp#24;�҂���&amp#22;Ѣ^q�1�1&amp#24;Ƃk�گ��Cm�|�ϱ�c�&Hƕ�?�M�V�F�5"�&amp#23;�YfS���+	&amp#26;})&amp#27; �KTɖ!Ȗ���(*��&amp#20;
 gz�"&amp#3;��E#�\6�'E;R4&amp#16;&amp#18;�F�#:�8�^&amp#11;&amp#11;����&amp#21;,�uکp
Vm�&amp#31;ӌu�p�4a�&amp#14;�f�kF�&amp#2;�E�7�&amp#18;�o�|��"P�4&amp#5;zM�&amp#20;Y&amp#11;������&�Q�U&amp#25;�F�v%l��=C�I�9&amp#31;@&amp#26;��W#S�@��3ʺs��&amp#11;R�&amp#30;0L�cy5�ݟ¹p��L��&amp#17;]xjV�J���&amp#6;i�'&amp#23;�ڃ��&amp#21;�M�X��&amp#7;�X5
�M&amp#24;�j�����p�5i&amp#7;U��,��>�f�S��W�&amp#21;�zN]eyl��H&amp#26;6&amp#27;�]G�]�2���ԇ��E�{�4Mru�Svk�
T1�y��&amp#25;�G��_z�C:B�Vhr�&amp#23;�n��j�Ff&amp#25;D�[�EA�R#*I=��͝܌�3K+&amp#27;���&amp#11;8$����&amp#28;J]�컪�M#&amp#5;���$&amp#25;��KGg&amp#19;	&amp#30;6e��#��&amp#24;��d�=��v(ԕ�D�CՉ�c�@5\h�J��HB�_&amp#28;�9&F1��������mўs���t%�Į���&amp#25;W#���}Z� �4�i�j�o�G3U&amp#14;L�.���9��.ΨX��D�����Cq-U&2&amp#27;�UL#
*�&amp#16;���b����&amp#1;殈R���]Tj��&amp#24;&amp#15;Y{R4&amp#16;&amp#18;&�6�Vh�8���&amp#27;<~Ad�oɤ��&amp#12;��&Ǆ�8��5�v|�z|�"L��q����gm�&amp#0;)�B��"2*&amp#26;2���U4Y&amp#6;a|����YPll�~����4nޚ ��F&amp#6;��k+�&amp#2;,���W-ˍb��&amp#31;֣I�&amp#0;����[���E�$��=�s�7�NNل�&amp#11; w��6��&amp#0;퇫��&amp#27;��Z��&amp#25;�s�r�1$w��h�xv�0=����uN|/&amp#27;��c�IpNq�]qj&amp#22;?�z<2&amp#19;U�c.	��'���&amp#5;=L{�L���eZ��)Azm�h1�O�_�{&amp#29;2�����&��&amp#1;�&amp#29;��c�h�I&amp#20;�g�<&amp#28;��aط�0��&amp#26;�&amp#5;�&amp#8;?��&=ȢQ.\?��#�,E�"�"b&amp#7;Źa�3���{��
=&amp#6;1^	[ܢD@B>��k&amp#14;�\��-n5b�}���`�K3[��f���{�{Uzl�c�H�|�$&amp#26;j1{��&amp#0;��Њm�ʿzX��j��&amp#5;�ﱸ���V*&amp#4;n;&amp#31;��&amp#24;�QN�3�Ӣ���5�g�a4C�&amp#16;t�&amp#31;�G���W;g���z_s�.>4$�d���>�Õ�LY!E&amp#17;&amp#23;�fl�!���&amp#0;&amp#21;[&amp#25;F��l(e&amp#1;���֑��t&amp#8;�+�d��&amp#26;�,�&amp#25;��&amp#18;�)�&amp#1;�&amp#27;�h'&amp#12;�(��&amp#1;B�GΤ�&amp#0;�|
V�\�o&amp#18;�Yc�]3".�&amp#23;u��jv5��tt�g.�V+�Ī�c�Cڽ6�R��2d����f&amp#16;��^�ڬ�:@�l�y&amp#31;����`*�&amp#11;\l��WF��X�5��&amp#3;u&amp#20;���7S�'JY�h���0�}�&amp#0;�z=&amp#28;$�K�f�7&amp#23;H�m峴�m��Hb�i"@&amp#21;T&amp#15;`&amp#5;uRK�38��2B�3�&amp#21;='�E�E�"���.�&amp#30;+��E�wV��Hऩ�����z��m�&amp#6;��X�g�9�Z��O�W&amp#7;W��>c�N�&amp#12;�j���Y���}�&amp#15;jĖ��\�&amp#19;�L���&amp#18;���cO&amp#14;&amp#31;"�m�w#�P��&amp#0;���\&amp#20;e�.8��ߤ&amp#8;��ka�5Ӌ0�&amp#12;_���K��<�L��&amp#22;�&amp#0;&amp#1;ƭ�U�e1�T��&amp#23;�Pptk����&amp#20;�E�Q���J.����sjK&amp#31;���T֜^�&amp#28;��V��Zg&amp#25;Xv�o�(FQk��&amp#7;�]����ʚ&amp#15;�&amp#0;G?Ǟ�&amp#0;��mKN�!E���&amp#1;^�.��j�&amp#2;m����2zu���{����)�������/p��G'�-&amp#25;�@�F[s&amp#12;�D|�&amp#21;?��305AbB|����
C1�V���j�@�R��U&amp#1;F���&amp#19;�#K��h�~�
�:���iti��l`���-sZ0����&amp#28;�;P�&amp#8;��J�	�&amp#27;�&�d�i&amp#19;V�����&amp#19;��&amp#20;m��ay&amp#14;'&amp#24;&amp#17;&amp#24;.������J�&amp#29;�Y�&amp#20;+�w&��7QI &amp#18;!�C&amp#31;j��V-�f&amp#12;��9&amp#22;����I`I���&amp#22;,�2+�u�8&�[�D�&amp#27;��O�M&amp#18;�&amp#0;�Ӧ?q��&amp#24;cVg�+&amp#1;��<�:�4{���5:����v&amp#28;{�&amp#16;��&amp#3;&amp#11;kq&amp#28;W�&amp#8;�κ�ڂ~��Vl^���F�,ɢ�Z.Q�b�&amp#4;����P�� ��uԑ�k
�oyn��&amp#26;�2&amp#2;�&amp#27;�&amp#15;�&amp#6;�X:0��Վ&��&amp#25;l�b�7��O�ڸZ�7�+K�t0�ܹ�Χ�`�1����~��IIsDM#�nE�������&amp#6;*&amp#15;�U$V�&amp#4;���)�/�&amp#6;��:7]�V�k\6>u�#�t��}�x�w��{2���V�-��&amp#30;R)D֒L&amp#4;r�&amp#8;&amp#18;&amp#16;��w&amp#21;�����~ߗ���cʩ��&amp#8;o�����2&amp#0;&amp#0;�&amp#27;�~�Y �G�&amp#18;mm[%���Z�E0��`�m��_�H�&amp#0;���Ú9�;���&amp#19;:�&amp#28;&amp#28;k�X�K|�&amp#5;Jƀl��k]�뻋S&amp#12;��/�`�7&amp#14;Y&amp#19;t�&amp#28;����&amp#5;���|N�����P�5��&amp#18;X��QR5O<�#>^&amp#17;�m�>�7��5�&amp#22;���&amp#23;R�c�@�&amp#3;u�l�F.R�޸/��xzr7&amp#18;\+�]&amp#18;X]�&amp#21;��:��&amp#0;ojYG���ŦK�J��>)}x�"�kE;-&amp#12;]!w�&amp#0;04�)�&amp#25;i"�&amp#19;��&amp#6;�m&amp#31;�5�Ir�&amp#18;}w��&amp#21;D'	�j d��m&amp#25;6w&amp#3;���f����H��;&amp#16;}��ɊP|��&amp#22;&amp#15;O}5����֠Aa&amp#11;��w %v;���f���ydw�xco�&amp#7;�8^7&amp#14;&amp#26;�8&amp#3;��j&amp#7;Q�޿J��4�Б�����F&amp#19;��D&amp#7;.�J�&amp#7;��&amp#0;&amp#31;\��yO�J/֌1�cB6���_&amp#19;�,{&amp#21;R��&amp#30;j�dPF�I&amp#25;/.�&amp#23;�����&amp#0;��X�-��D�Wl�W�&amp#19;�kIZ)&amp#7;�>jFn=&amp#21;Yd��7*��r�M{��&amp#0;�o��f���y�}(���&amp#31;���&amp#22;�A��Z&amp#12;&amp#5;�
�s<J��g&amp#29;G���_&amp#20;El����p�5���vLKܱ�W/Q�K��/�&amp#19;v&amp#23;%�F=��^�\��k&amp#17;�0b��&amp#24;$iN��W&amp#30;8��NI|i�r����&amp#20;�<c&amp#27;k��ݢ��&amp#5;&amp#27;7���{>tk�����'ً,T�Q.pd&amp#8;#gǚ��F)!>c.?#Ǯl�X&amp#2;�&amp#12;L|�&amp#7;�&amp#31;�U�Q�&amp#26;ca�$ϛ�F��&amp#29;�H&amp#24;�o}W&amp#14;x&amp#26;:&amp#30;�&�]�8�U��v	&amp#28;s(���\&amp#21;?���=���M\Z>����t;�lj�&amp#2;g2��ݚ]�&amp#20;W)0�&amp#27;����՟S�d�E�rmvcWw9�3Q��or�uF�m��b:�~W�+��&amp#28;ۧ����&amp#0;����]&amp#12;r��Lh��8�l��ʩ�.��6>�.m&amp#30;(cQ]�9d��.<_3��&amp#17;&amp#17;�>�&amp#20;|ʤ���R|�[t��O�&amp#31;�¼�I�'�2&amp#16;<��[�O�&amp#31;�&amp#24;�=�&amp#0;��U4����3��&amp#5;��T�<)�&amp#17;<���&amp#31;q]G&amp#25;?�c�H����묝����T���&amp#31;�d�m��Ϛ�"07���Xރ��O&amp#28;�=�#�{U&amp#19;*�-�L�&amp#21;r�&amp#26;&amp#24;.!q-�ꮌ>�o��9�K���A4&amp#30;KՌ,�A�(�R���&amp#3;�F3�J�����V,1�ܾ���M*&amp#20;�p�7*���C&amp#31;QFySA�T�������&amp#21;g36:n˦&amp#31;&amp#15;��٭�2�-���F&amp#0;&amp#27;>Oo�o�&amp#20;U"��o�4Y&amp#17;���&amp#21;��G
�]�&amp#5;&amp#1;�]
V�Al94��`�栲�S�&amp#3;1���Ne��߅�&amp#21;D��@�d<���]�&amp#1;�&amp#16;�OM=1���&amp#18;]�pl�6�>%�OS;&amp#3;����?3S�+��v,Nf����&amp#21;1�ȏ@&amp#2;6�c��kc�\���Q?g&amp#26;���,�_�N��J��t�~��6�&amp#31;&amp#12;��W�6�M�&amp#18;O�ƺxt8t����J_i���y]���O��X頵_�D&amp#24;�%�&amp#0;ӷ�x��X5&amp#30;�&amp#24;�0Ԛ���Ҷ�L�rx�I��k�>+D[kw.�`&amp#29;�@��t��Sk|�/{W&amp#8;�q&amp#24;l���&amp#23;�a����$����=���E�2p����QR`r�R�/g-�Œ���S�N��j{&amp#21;�\�T�>G�l�yK�&amp#27;�:f���)�ꍊ�&amp#31;ڱ�~&amp#25;�Yec&amp#24;>R��&amp#5;���&amp#30;���Ҵm���H���s&amp#8;r<N��H%��~&amp#21;Ώ�֝��]5t�ٯ&amp#26;o�d�ˎ��m����`��-�&amp#15;��$��2r`i$Xn��2)�$���,���&amp#26;l��/��#6�d>W�`�-ͺ:�&amp#17;���&amp#0;q�Y2�~&amp#25;�q.��q�ɐ���I��
�&amp#2;�d�&amp#6;&amp#29;�bŋ&amp#23;�+h�r�,$���&amp#26;&amp#4;�&amp#27;�(g�&amp#12;���	���}��&amp#27;��Y�&amp#23;0=ŭ�X��R
���O�_&amp#21;F8�&amp#27;�.�&amp#27;��Rq�*�{^E�&amp#17;�̲̉��c'���<��&amp#29;�<qm6]�^��_���pl�7&amp#8;&amp#24;H&amp#25;����W:&amp#26;�Ի5~�-ZE�&amp#19;��&amp#11;�K&amp#27;Yݔc��Hv�˿p=�����&amp#21;�ъ5I��+ �?��ʆ=�c�z~_��i͞="F�3
�}3k�&amp#30;���9�$�?d��>�@&amp#1;�H���]&amp#20;I���E��ԄbW��&amp#26;�pD����&amp#1;\�3P��&amp#0;Хr&amp#5;	�.�&amp#27;&amp#1;&amp#31;9;5[&amp#21;�J(P��(�@,)�`\Q!�z#��d���&x`��*�F�&amp#16;��&amp#31;���)s�Y!M���dh�d͋\|)�&amp#12;q�؎�>گ7(c߶�Gv2��K����Z�贗R�n����u��}�(6c�
��{���J�&amp#0;���&amp#5; �&amp#0;�&amp#7;cu�E��&amp#25;�ղ��%T�F*��)&amp#29;��跍��l��&amp#1;�v=�&amp#29;&\��?�o�fw�1T����&amp#22;i#�LD&amp#21;&amp#29;��C	$�&amp#18;�#�G9��`�3&amp#19;�8��&amp#14;�g֑&amp#7;ݛB��!&amp#28;iY�NF�k����纕�^:�b��f�ݘ�&amp#21;��&amp#16;�.1�rXy�¸�%?̌G���1>��6`�\K��n&amp#31;�V&amp#30;[(-��Z�&amp#17;U��&amp#0;<n@��_2n�ŭ��_&amp#22;i�ܮKŷ)����g�x�&amp#5;Z6��5�fL�ڤ&amp#21;���W��S�&�&amp#12;�,����z&amp#19;&amp#31;�#
��&amp#21;z|o�ssejlю��y�\��H`��rP�&amp#6;n�&amp#24;�ğ�&amp#6;�B|r$��3kFx���˹&amp#7;⧑��&amp#8;�#&amp#5;��;-��Cb�L_��o�n&amp#14;_�w&amp#31;��V��&amp#4;�2�&amp#0;�uSn�C��<Y����!&amp#0;���H�/�
�@�&amp#7;j��P�&amp#26;,ǭ�X�&amp#31;�&amp#25;�s����1�&amp#0;a�_��p&amp#30;�.���&amp#0;����b�oɩc��^5��y�#a&amp#20;(&amp#3;��Mz�&amp#30;�ۏ��×5�	(�!R&amp#31;���o�V݉&amp#20;�c�2�;v&amp#30;�tQ[g�/&amp#1;��&amp#20;F��j�
?��&amp#12;�\�ʨFI&amp#14;�&amp#27;&amp#21;�,ۨ#@$&amp#20;&amp#5;b���#&amp#21;q�&amp#0;��@2j�KG���&amp#27;��r�<��C�o&amp#16;&amp#31;&amp#15;���yn��G�&amp#0;�gN4i��Q|�&amp#12;Ϭ\?���&amp#11;���v&amp#0;&amp#2;1��`ZH���A��]&amp#19;|&amp#15;)���9���Z�!1p�i3�&amp#27;Z1�b����Fũ��&amp#20;NAk&amp#4;w&amp#18;L"&amp#8;�h~�j�itp��K��͹Pi-��&amp#29;�ROb;��Z&amp#27;�0x�3}���(�&amp#1;! I)�RH�����ɓ�D'�>�&amp#28;� C��	�o&amp#26;&amp#3;�/��Ty?�Ia㲜�3�l�&amp#14;�%��锞��EU&amp#22;d�i�d�r&amp#28;�I&amp#28;Nfk):I��&amp#21;Fl
_�ч;��-1N�(����}w1�S��s����MI&amp#22;�;���&amp#6;������T��&amp#0;��Ye}�QE���]�#hl㉕����]��w;>�c�EQ����;����&amp#22;�+�#:�&amp#25;��&amp#0;�E��&amp#19;4&amp#26;�&amp#6;!qy{<��M$���&amp#0;&amp#17;�&amp#29;��vy��^B��j���+n��e�jF��&amp#30;&amp#26;�K댌�/&amp#30;�7�+~�&amp#26;�5a\Y�%���$l&amp#24;&amp#14;�U�m&amp#22;�fXT�&amp#0;�ֆ�X���)�@"�ɕ'�$�&amp#20;�-�)�wB.��&amp#31;��Nf�C&amp#20;JC�QX&amp#18;uD��v�P��JEB�,�u&amp#16;&amp#14;&amp#24;Q&amp#8;��*&amp#4;������??!��<#mw2���&amp#7;nO�����4���k>��	x�b��&amp#5;ū�&amp#18;i
v�H��k�&amp#0;1&amp#21;�4��&amp#11;�M�4I�u��xߍ&amp#25;&amp#17;�aU&amp#23;���>:��Za�MXqd܉���|m���ӈ�C$�{&amp#1;U�\�7pY�?�Au�a���\�C�&amp#0;7zӍ�S3��!}'�F&amp#12;<�Qht�+�OM�3y#+��&amp#7;{&amp#29;�����,xԌ�-�E�Q�&amp#3;�q����&E�L�7���r# �������W���^��u�eU&amp#31;aE�&amp#31;��H�&amp#0;$�?�>4&amp#25;&amp#30;�&amp#3;��V\�T�5����J{����#�gQ�[-�.@�E��:&amp#20;/�&amp#2;�=�4�c?4mMai4g|�&amp#24;�����6��8'�&amp#30;[�l�J�[&amp#20;�&amp#12;Q|�&amp#22;�Ֆ���}*ʽ��`��7�Z�f��7i�fˀo�^RK,�&amp#30;�տ&amp#4;��i̸'.2j��)�[&amp#12;�J��]�&amp#25;&amp#0;$���gNV^��	y&amp#4;D��%&amp#7;����n@I&amp#12;`�s�^�<��b�'&amp#19;��BZ�F))�El]ځ[&amp#0;�@��}��0Dj�&amp#20;��5�B��d�&amp#25;ǚF1��&amp#0;��&amp#20;I�2Y�@�X����&amp#0;\���U��8Rr.¹2�&amp#0;Q�Rg��S"�ԏ3G&amp#15;�&amp#17;�zW_�u�s�&amp#11;��W�9\�&amp#26;�/�����xu�&amp#30;�G���O&amp#25;��&amp#21;��d�ޥr�Y��&amp#26;��&amp#27;tѸ[`���[·���ɝ>�&amp#30;S��&amp#27;&amp#31;�&amp#25;���..��h�&amp#15;�n��&amp#17;�֭6[U�.�F����t�Z���U&amp#20;>i|���QH]w'޹���"�tg�&amp#28;�S&amp#31;�s2LxY&amp#31;&amp#30;a�p�m��&amp#1;Ub��ԗ&amp#5;��y&amp#22;l�$Z�����_����M��&amp#20;O,b\��3&amp#31;%���ܲ9&amp#29;��ҽ6>YK�?&amp#5;&amp#23;=���Q\��W!��T5L�R_W��&amp#26;��*rzQ͠�)k��R<2&amp#0;&amp#20;�����z�����&amp#26;�&amp#11;��ʋ���h�zRW&amp#0;�?N��A�Q�*&amp#26;3����m�6d&amp#0;&amp#11;뱥�+͉M&amp#25;��*k&amp#11;�&amp#28;��ﱫ}�G&amp#7;.���Y\N@�wH�&amp#24;6k^�p���?&amp#22;�
��c�kF&amp#28;;��5�&amp#27;��ĸ��t��򟸮�q�����9̭��&amp#18;Ct�!��A�Q=R��:��˟V�S��3�ި��%��B���w*��ۓ,�*&amp#18;w���&amp#22;��Dp'�<��&amp#11;&amp#28;*�&amp#15;�&amp#1;,�O�n��fy��Ӎ�A��1[&amp#18;��+&amp#23;c@��j&amp#5;l�&amp#8;�5&amp#2;&amp#1;jb&amp#11;�;T&amp#8;���+
6�2Éz&amp#25;}�:K��[D|&amp#18;d�&amp#0;&amp#14;?��[��&amp#18;5c�6|��$�U�&amp#20;��&amp#16;&amp#21;GrI�b�EY�p_@mg��#�� 8&amp#12;-T�&amp#1;��k�oj5��_f�a��&amp#24;�6���&amp#23;�X@|}�/ZÊt՝H�&amp#27;\&amp#29;�(2��i��&amp#0;7f�Z&amp#0;WsK�K/�&amp#25;3i�K*c��&amp#7;���a�O�]h�ɗs y>&amp#30;�%&amp#17;��޾V&amp#30;wUj1)�-�*1&amp#14;U��&amp#29;|��&amp#15;���&amp#17;\<�v�f�%D���F|���������&��&amp#26;��.�ߎⅿs�&amp#6;�M�&amp#14;X�M_\�0�&amp#14;��kYI&amp#29;��L�o#�4x%3��'_b:�R�@M�s�&amp#22;��^&amp#24;�c&amp#14;&amp#3;&amp#14;���+V�%�Ek��s��+\��X^l�!�%&amp#30;&amp#15;��X��>c�f�Z�G��1�Kť��K&amp#27;�~�x�0�e>�\����4d�&amp#28;��7�����&amp#20;��ZlQ��ȱ�7�&amp#30;6���&amp#21;&amp#20;.�vq�E&amp#8;�3Yd������rmE��f9����H��}�&amp#27;:�ɺ0Te댸��[½LN�&amp#20;o�J&amp#6;��xm�:AwvD�:�G�����aI�)�No�� �&amp#7;`k�)�3N&amp#22;�ԅ���1&amp#24;��F &amp#22;�b�g�B�p|�&amp#20;�T@&amp#2;��@$���&amp#17;�ޕ�&amp#26;׬��>�q�X�E�&amp#4;-&amp#24;�zb�Z���j����>�&amp#27;��&amp#22;P�N�cz5�&amp#26;*��G�vd�&amp#2;,�0׏�+&������&amp#16;�E&amp#31;K/H��j�&amp#26;�q��^93�=&amp#12;_�'�v�]oG��>��Ne��N�z��9L��Gߚ&amp#12;�%S��Zܛc<a�p	?Oڹ����}��?ciki&amp#26;[ı(&amp#3;��3
�k�E�ϴ}�������;),�&amp#17;~oz�|��"�&amp#29;��&amp#30;��&&amp#24;�&amp#8;�(=���&amp#26;�+&amp#28;�&amp#21;M�]e#ѳ|?>h����&amp#4;-��@g�h�&amp#20;�̽M���&amp#21;�[&amp#20;�f�3{��&amp#11;$�+&amp#31;͡޹�o��P�5����c�]uф�r&amp#25;d2&amp#16;X�;R͘�*y���X[�&amp#5;?�*�6W��&amp#15;cTC��t^,����&amp#24;���除��鲾&amp#3;&amp#20;��8BIM&amp#4;%&amp#0;&amp#0;&amp#0;&amp#0;&amp#0;&amp#16;�$8��&amp#14;�61��\P����&amp#12;XICC_PROFILE&amp#0;&amp#1;&amp#1;&amp#0;&amp#0;&amp#12;HLino&amp#2;&amp#16;&amp#0;&amp#0;mntrRGB XYZ &amp#7;�&amp#0;&amp#2;&amp#0;	&amp#0;&amp#6;&amp#0;1&amp#0;&amp#0;acspMSFT&amp#0;&amp#0;&amp#0;&amp#0;IEC sRGB&amp#0;&amp#0;&amp#0;&amp#0;&amp#0;&amp#0;&amp#0;&amp#0;&amp#0;&amp#0;&amp#0;&amp#0;&amp#0;&amp#0;��&amp#0;&amp#1;&amp#0;&amp#0;&amp#0;&amp#0;�-HP  &amp#0;&amp#0;&amp#0;&amp#0;&amp#0;&amp#0;&amp#0;&amp#0;&amp#0;&amp#0;&amp#0;&amp#0;&amp#0;&amp#0;&amp#0;&amp#0;&amp#0;&amp#0;&amp#0;&amp#0;&amp#0;&amp#0;&amp#0;&amp#0;&amp#0;&amp#0;&amp#0;&amp#0;&amp#0;&amp#0;&amp#0;&amp#0;&amp#0;&amp#0;&amp#0;&amp#0;&amp#0;&amp#0;&amp#0;&amp#0;&amp#0;&amp#0;&amp#0;&amp#0;&amp#0;&amp#0;&amp#0;&amp#17;cprt&amp#0;&amp#0;&amp#1;P&amp#0;&amp#0;&amp#0;3desc&amp#0;&amp#0;&amp#1;�&amp#0;&amp#0;&amp#0;lwtpt&amp#0;&amp#0;&amp#1;�&amp#0;&amp#0;&amp#0;&amp#20;bkpt&amp#0;&amp#0;&amp#2;&amp#4;&amp#0;&amp#0;&amp#0;&amp#20;rXYZ&amp#0;&amp#0;&amp#2;&amp#24;&amp#0;&amp#0;&amp#0;&amp#20;gXYZ&amp#0;&amp#0;&amp#2;,&amp#0;&amp#0;&amp#0;&amp#20;bXYZ&amp#0;&amp#0;&amp#2;@&amp#0;&amp#0;&amp#0;&amp#20;dmnd&amp#0;&amp#0;&amp#2;T&amp#0;&amp#0;&amp#0;pdmdd&amp#0;&amp#0;&amp#2;�&amp#0;&amp#0;&amp#0;�vued&amp#0;&amp#0;&amp#3;L&amp#0;&amp#0;&amp#0;�view&amp#0;&amp#0;&amp#3;�&amp#0;&amp#0;&amp#0;$lumi&amp#0;&amp#0;&amp#3;�&amp#0;&amp#0;&amp#0;&amp#20;meas&amp#0;&amp#0;&amp#4;&amp#12;&amp#0;&amp#0;&amp#0;$tech&amp#0;&amp#0;&amp#4;0&amp#0;&amp#0;&amp#0;&amp#12;rTRC&amp#0;&amp#0;&amp#4;<&amp#0;&amp#0;&amp#8;&amp#12;gTRC&amp#0;&amp#0;&amp#4;<&amp#0;&amp#0;&amp#8;&amp#12;bTRC&amp#0;&amp#0;&amp#4;<&amp#0;&amp#0;&amp#8;&amp#12;text&amp#0;&amp#0;&amp#0;&amp#0;Copyright (c) 1998 Hewlett-Packard Company&amp#0;&amp#0;desc&amp#0;&amp#0;&amp#0;&amp#0;&amp#0;&amp#0;&amp#0;&amp#18;sRGB IEC61966-2.1&amp#0;&amp#0;&amp#0;&amp#0;&amp#0;&amp#0;&amp#0;&amp#0;&amp#0;&amp#0;&amp#0;&amp#18;sRGB IEC61966-2.1&amp#0;&amp#0;&amp#0;&amp#0;&amp#0;&amp#0;&amp#0;&amp#0;&amp#0;&amp#0;&amp#0;&amp#0;&amp#0;&amp#0;&amp#0;&amp#0;&amp#0;&amp#0;&amp#0;&amp#0;&amp#0;&amp#0;&amp#0;&amp#0;&amp#0;&amp#0;&amp#0;&amp#0;&amp#0;&amp#0;&amp#0;&amp#0;&amp#0;&amp#0;&amp#0;&amp#0;&amp#0;&amp#0;&amp#0;&amp#0;&amp#0;&amp#0;&amp#0;&amp#0;&amp#0;&amp#0;&amp#0;&amp#0;&amp#0;&amp#0;XYZ &amp#0;&amp#0;&amp#0;&amp#0;&amp#0;&amp#0;�Q&amp#0;&amp#1;&amp#0;&amp#0;&amp#0;&amp#1;&amp#22;�XYZ &amp#0;&amp#0;&amp#0;&amp#0;&amp#0;&amp#0;&amp#0;&amp#0;&amp#0;&amp#0;&amp#0;&amp#0;&amp#0;&amp#0;&amp#0;&amp#0;XYZ &amp#0;&amp#0;&amp#0;&amp#0;&amp#0;&amp#0;o�&amp#0;&amp#0;8�&amp#0;&amp#0;&amp#3;�XYZ &amp#0;&amp#0;&amp#0;&amp#0;&amp#0;&amp#0;b�&amp#0;&amp#0;��&amp#0;&amp#0;&amp#24;�XYZ &amp#0;&amp#0;&amp#0;&amp#0;&amp#0;&amp#0;$�&amp#0;&amp#0;&amp#15;�&amp#0;&amp#0;��desc&amp#0;&amp#0;&amp#0;&amp#0;&amp#0;&amp#0;&amp#0;&amp#22;IEC http://www.iec.ch&amp#0;&amp#0;&amp#0;&amp#0;&amp#0;&amp#0;&amp#0;&amp#0;&amp#0;&amp#0;&amp#0;&amp#22;IEC http://www.iec.ch&amp#0;&amp#0;&amp#0;&amp#0;&amp#0;&amp#0;&amp#0;&amp#0;&amp#0;&amp#0;&amp#0;&amp#0;&amp#0;&amp#0;&amp#0;&amp#0;&amp#0;&amp#0;&amp#0;&amp#0;&amp#0;&amp#0;&amp#0;&amp#0;&amp#0;&amp#0;&amp#0;&amp#0;&amp#0;&amp#0;&amp#0;&amp#0;&amp#0;&amp#0;&amp#0;&amp#0;&amp#0;&amp#0;&amp#0;&amp#0;&amp#0;&amp#0;&amp#0;&amp#0;&amp#0;&amp#0;desc&amp#0;&amp#0;&amp#0;&amp#0;&amp#0;&amp#0;&amp#0;.IEC 61966-2.1 Default RGB colour space - sRGB&amp#0;&amp#0;&amp#0;&amp#0;&amp#0;&amp#0;&amp#0;&amp#0;&amp#0;&amp#0;&amp#0;.IEC 61966-2.1 Default RGB colour space - sRGB&amp#0;&amp#0;&amp#0;&amp#0;&amp#0;&amp#0;&amp#0;&amp#0;&amp#0;&amp#0;&amp#0;&amp#0;&amp#0;&amp#0;&amp#0;&amp#0;&amp#0;&amp#0;&amp#0;&amp#0;&amp#0;&amp#0;desc&amp#0;&amp#0;&amp#0;&amp#0;&amp#0;&amp#0;&amp#0;,Reference Viewing Condition in IEC61966-2.1&amp#0;&amp#0;&amp#0;&amp#0;&amp#0;&amp#0;&amp#0;&amp#0;&amp#0;&amp#0;&amp#0;,Reference Viewing Condition in IEC61966-2.1&amp#0;&amp#0;&amp#0;&amp#0;&amp#0;&amp#0;&amp#0;&amp#0;&amp#0;&amp#0;&amp#0;&amp#0;&amp#0;&amp#0;&amp#0;&amp#0;&amp#0;&amp#0;&amp#0;&amp#0;&amp#0;&amp#0;&amp#0;&amp#0;&amp#0;&amp#0;view&amp#0;&amp#0;&amp#0;&amp#0;&amp#0;&amp#19;��&amp#0;&amp#20;_.&amp#0;&amp#16;�&amp#20;&amp#0;&amp#3;��&amp#0;&amp#4;&amp#19;&amp#11;&amp#0;&amp#3;\�&amp#0;&amp#0;&amp#0;&amp#1;XYZ &amp#0;&amp#0;&amp#0;&amp#0;&amp#0;L	V&amp#0;P&amp#0;&amp#0;&amp#0;W&amp#31;�meas&amp#0;&amp#0;&amp#0;&amp#0;&amp#0;&amp#0;&amp#0;&amp#1;&amp#0;&amp#0;&amp#0;&amp#0;&amp#0;&amp#0;&amp#0;&amp#0;&amp#0;&amp#0;&amp#0;&amp#0;&amp#0;&amp#0;&amp#0;&amp#0;&amp#0;&amp#0;&amp#2;�&amp#0;&amp#0;&amp#0;&amp#2;sig &amp#0;&amp#0;&amp#0;&amp#0;CRT curv&amp#0;&amp#0;&amp#0;&amp#0;&amp#0;&amp#0;&amp#4;&amp#0;&amp#0;&amp#0;&amp#0;&amp#5;&amp#0;
&amp#0;&amp#15;&amp#0;&amp#20;&amp#0;&amp#25;&amp#0;&amp#30;&amp#0;#&amp#0;(&amp#0;-&amp#0;2&amp#0;7&amp#0;;&amp#0;@&amp#0;E&amp#0;J&amp#0;O&amp#0;T&amp#0;Y&amp#0;^&amp#0;c&amp#0;h&amp#0;m&amp#0;r&amp#0;w&amp#0;|&amp#0;�&amp#0;�&amp#0;�&amp#0;�&amp#0;�&amp#0;�&amp#0;�&amp#0;�&amp#0;�&amp#0;�&amp#0;�&amp#0;�&amp#0;�&amp#0;�&amp#0;�&amp#0;�&amp#0;�&amp#0;�&amp#0;�&amp#0;�&amp#0;�&amp#0;�&amp#0;�&amp#0;�&amp#0;�&amp#1;&amp#1;&amp#1;&amp#7;&amp#1;&amp#1;&amp#19;&amp#1;&amp#25;&amp#1;&amp#31;&amp#1;%&amp#1;+&amp#1;2&amp#1;8&amp#1;>&amp#1;E&amp#1;L&amp#1;R&amp#1;Y&amp#1;`&amp#1;g&amp#1;n&amp#1;u&amp#1;|&amp#1;�&amp#1;�&amp#1;�&amp#1;�&amp#1;�&amp#1;�&amp#1;�&amp#1;�&amp#1;�&amp#1;�&amp#1;�&amp#1;�&amp#1;�&amp#1;�&amp#1;�&amp#1;�&amp#2;&amp#3;&amp#2;&amp#12;&amp#2;&amp#20;&amp#2;&amp#29;&amp#2;&&amp#2;/&amp#2;8&amp#2;A&amp#2;K&amp#2;T&amp#2;]&amp#2;g&amp#2;q&amp#2;z&amp#2;�&amp#2;�&amp#2;�&amp#2;�&amp#2;�&amp#2;�&amp#2;�&amp#2;�&amp#2;�&amp#2;�&amp#2;�&amp#2;�&amp#3;&amp#0;&amp#3;&amp#11;&amp#3;&amp#22;&amp#3;!&amp#3;-&amp#3;8&amp#3;C&amp#3;O&amp#3;Z&amp#3;f&amp#3;r&amp#3;~&amp#3;�&amp#3;�&amp#3;�&amp#3;�&amp#3;�&amp#3;�&amp#3;�&amp#3;�&amp#3;�&amp#3;�&amp#4;&amp#6;&amp#4;&amp#19;&amp#4; &amp#4;-&amp#4;;&amp#4;H&amp#4;U&amp#4;c&amp#4;q&amp#4;~&amp#4;�&amp#4;�&amp#4;�&amp#4;�&amp#4;�&amp#4;�&amp#4;�&amp#4;�&amp#4;�&amp#5;&amp#5;&amp#28;&amp#5;+&amp#5;:&amp#5;I&amp#5;X&amp#5;g&amp#5;w&amp#5;�&amp#5;�&amp#5;�&amp#5;�&amp#5;�&amp#5;�&amp#5;�&amp#5;�&amp#6;&amp#6;&amp#6;&amp#22;&amp#6;'&amp#6;7&amp#6;H&amp#6;Y&amp#6;j&amp#6;{&amp#6;�&amp#6;�&amp#6;�&amp#6;�&amp#6;�&amp#6;�&amp#6;�&amp#7;&amp#7;&amp#7;&amp#25;&amp#7;+&amp#7;=&amp#7;O&amp#7;a&amp#7;t&amp#7;�&amp#7;�&amp#7;�&amp#7;�&amp#7;�&amp#7;�&amp#7;�&amp#8;&amp#11;&amp#8;&amp#31;&amp#8;2&amp#8;F&amp#8;Z&amp#8;n&amp#8;�&amp#8;�&amp#8;�&amp#8;�&amp#8;�&amp#8;�&amp#8;�	&amp#16;	%	:	O	d	y	�	�	�	�	�	�
&amp#17;
'
=
T
j
�
�
�
�
�
�&amp#11;&amp#11;&amp#11;"&amp#11;9&amp#11;Q&amp#11;i&amp#11;�&amp#11;�&amp#11;�&amp#11;�&amp#11;�&amp#11;�&amp#12;&amp#18;&amp#12;*&amp#12;C&amp#12;\&amp#12;u&amp#12;�&amp#12;�&amp#12;�&amp#12;�&amp#12;�&@Zt�����&amp#14;&amp#19;&amp#14;.&amp#14;I&amp#14;d&amp#14;&amp#14;�&amp#14;�&amp#14;�&amp#14;�&amp#15;	&amp#15;%&amp#15;A&amp#15;^&amp#15;z&amp#15;�&amp#15;�&amp#15;�&amp#15;�&amp#16;	&amp#16;&&amp#16;C&amp#16;a&amp#16;~&amp#16;�&amp#16;�&amp#16;�&amp#16;�&amp#17;&amp#19;&amp#17;1&amp#17;O&amp#17;m&amp#17;�&amp#17;�&amp#17;�&amp#17;�&amp#18;&amp#7;&amp#18;&&amp#18;E&amp#18;d&amp#18;�&amp#18;�&amp#18;�&amp#18;�&amp#19;&amp#3;&amp#19;#&amp#19;C&amp#19;c&amp#19;�&amp#19;�&amp#19;�&amp#19;�&amp#20;&amp#6;&amp#20;'&amp#20;I&amp#20;j&amp#20;�&amp#20;�&amp#20;�&amp#20;�&amp#21;&amp#18;&amp#21;4&amp#21;V&amp#21;x&amp#21;�&amp#21;�&amp#21;�&amp#22;&amp#3;&amp#22;&&amp#22;I&amp#22;l&amp#22;�&amp#22;�&amp#22;�&amp#22;�&amp#23;&amp#29;&amp#23;A&amp#23;e&amp#23;�&amp#23;�&amp#23;�&amp#23;�&amp#24;&amp#27;&amp#24;@&amp#24;e&amp#24;�&amp#24;�&amp#24;�&amp#24;�&amp#25; &amp#25;E&amp#25;k&amp#25;�&amp#25;�&amp#25;�&amp#26;&amp#4;&amp#26;*&amp#26;Q&amp#26;w&amp#26;�&amp#26;�&amp#26;�&amp#27;&amp#20;&amp#27;;&amp#27;c&amp#27;�&amp#27;�&amp#27;�&amp#28;&amp#2;&amp#28;*&amp#28;R&amp#28;{&amp#28;�&amp#28;�&amp#28;�&amp#29;&amp#30;&amp#29;G&amp#29;p&amp#29;�&amp#29;�&amp#29;�&amp#30;&amp#22;&amp#30;@&amp#30;j&amp#30;�&amp#30;�&amp#30;�&amp#31;&amp#19;&amp#31;>&amp#31;i&amp#31;�&amp#31;�&amp#31;� &amp#21; A l � � �!&amp#28;!H!u!�!�!�"'"U"�"�"�#
#8#f#�#�#�$&amp#31;$M$|$�$�%	%8%h%�%�%�&'&W&�&�&�'&amp#24;'I'z'�'�((?(q(�(�)&amp#6;)8)k)�)�*&amp#2;*5*h*�*�+&amp#2;+6+i+�+�,&amp#5;,9,n,�,�-&amp#12;-A-v-�-�.&amp#22;.L.�.�.�/$/Z/�/�/�050l0�0�1&amp#18;1J1�1�1�2*2c2�2�33F33�3�4+4e4�4�5&amp#19;5M5�5�5�676r6�6�7$7`7�7�8&amp#20;8P8�8�9&amp#5;9B99�9�:6:t:�:�;-;k;�;�<'<e<�<�="=a=�=�> >`>�>�?!?a?�?�@#@d@�@�A)AjA�A�B0BrB�B�C:C}C�D&amp#3;DGD�D�E&amp#18;EUE�E�F"FgF�F�G5G{G�H&amp#5;HKH�H�I&amp#29;IcI�I�J7J}J�K&amp#12;KSK�K�L*LrL�M&amp#2;MJM�M�N%NnN�O&amp#0;OIO�O�P'PqP�Q&amp#6;QPQ�Q�R1R|R�S&amp#19;S_S�S�TBT�T�U(UuU�V&amp#15;V\V�V�WDW�W�X/X}X�Y&amp#26;YiY�Z&amp#7;ZVZ�Z�[E[�[�\5\�\�]']x]�^&amp#26;^l^�_&amp#15;_a_�`&amp#5;`W`�`�aOa�a�bIb�b�cCc�c�d@d�d�e=e�e�f=f�f�g=g�g�h?h�h�iCi�i�jHj�j�kOk�k�lWl�m&amp#8;m`m�n&amp#18;nkn�o&amp#30;oxo�p+p�p�q:q�q�rKr�s&amp#1;s]s�t&amp#20;tpt�u(u�u�v>v�v�wVw�x&amp#17;xnx�y*y�y�zFz�{&amp#4;{c{�|!|�|�}A}�~&amp#1;~b~�#��G���
�k�͂0����W���&amp#29;����G���&amp#14;�r�ׇ;���&amp#4;�i�Ή3�����d�ʋ0�����c�ʍ1�����f�Ώ6���&amp#6;�n�֑?���&amp#17;�z��M��� �����_�ɖ4���
�u���L���$�����h�՛B���&amp#28;�����d�Ҟ@���&amp#29;�����i�ءG���&���&amp#6;�v��V�ǥ8���&amp#26;�����n��R�ĩ7���&amp#28;���&amp#2;�u��\�ЭD���-���&amp#22;���&amp#0;�u��`�ֲK�³8���%���&amp#19;���&amp#1;�y��h��Y�ѹJ�º;���.���!���&amp#21;���
�����z���p���g���_���X���Q���K���F���Aǿ�=ȼ�:ɹ�8ʷ�6˶�5̵�5͵�6ζ�7ϸ�9к�<Ѿ�?���D���I���N���U���\���d���l���v��ۀ�&amp#5;܊�&amp#16;ݖ�&amp#28;ޢ�)߯�6��D���S���c���s������&amp#31;��2��F���[���p����&amp#17;��(��@���X���r����&amp#25;��4���P���m�����&amp#25;���8���W���w�&amp#7;���)���K���m����+�http://ns.adobe.com/xap/1.0/&amp#0;<?xpacket begin="﻿" id="W5M0MpCehiHzreSzNTczkc9d"?>
<x:xmpmeta xmlns:x="adobe:ns:meta/" x:xmptk="Adobe XMP Core 5.6-c128 79.159124, 2016/03/18-14:01:55        ">
 <rdf:RDF xmlns:rdf="http://www.w3.org/1999/02/22-rdf-syntax-ns#">
  <rdf:Description rdf:about=""
    xmlns:xmp="http://ns.adobe.com/xap/1.0/"
    xmlns:dc="http://purl.org/dc/elements/1.1/"
    xmlns:aux="http://ns.adobe.com/exif/1.0/aux/"
    xmlns:photoshop="http://ns.adobe.com/photoshop/1.0/"
    xmlns:xmpMM="http://ns.adobe.com/xap/1.0/mm/"
    xmlns:stEvt="http://ns.adobe.com/xap/1.0/sType/ResourceEvent#"
    xmlns:stRef="http://ns.adobe.com/xap/1.0/sType/ResourceRef#"
    xmlns:lr="http://ns.adobe.com/lightroom/1.0/"
    xmlns:Iptc4xmpCore="http://iptc.org/std/Iptc4xmpCore/1.0/xmlns/"
    xmlns:crs="http://ns.adobe.com/camera-raw-settings/1.0/"
   xmp:Rating="5"
   xmp:ModifyDate="2018-12-06T18:51:29-03:00"
   xmp:CreateDate="2014-10-21T12:03:17.58"
   xmp:MetadataDate="2018-12-06T18:51:29-03:00"
   xmp:CreatorTool="Adobe Photoshop Lightroom 6.8 (Macintosh)"
   dc:format="image/jpeg"
   aux:SerialNumber="222073165826"
   aux:LensSerialNumber="0000000000"
   aux:ImageNumber="0"
   aux:FlashCompensation="0/1"
   aux:Firmware="1.0.5"
   photoshop:DateCreated="2014-10-21T11:03:17"
   photoshop:State="West Grand Bahama"
   photoshop:Country="The Bahamas"
   xmpMM:DocumentID="xmp.did:7974b2d5-d64c-49e2-a213-de1bc2b21673"
   xmpMM:OriginalDocumentID="52CE7845E84E00B7012358B6550AFEBA"
   xmpMM:InstanceID="xmp.iid:7974b2d5-d64c-49e2-a213-de1bc2b21673"
   Iptc4xmpCore:CountryCode="BS"
   crs:Version="9.8"
   crs:ProcessVersion="6.7"
   crs:WhiteBalance="As Shot"
   crs:AutoWhiteVersion="134348800"
   crs:Temperature="4500"
   crs:Tint="+18"
   crs:Saturation="0"
   crs:Sharpness="25"
   crs:LuminanceSmoothing="0"
   crs:ColorNoiseReduction="25"
   crs:VignetteAmount="0"
   crs:ShadowTint="0"
   crs:RedHue="0"
   crs:RedSaturation="0"
   crs:GreenHue="0"
   crs:GreenSaturation="0"
   crs:BlueHue="0"
   crs:BlueSaturation="0"
   crs:Vibrance="0"
   crs:HueAdjustmentRed="0"
   crs:HueAdjustmentOrange="0"
   crs:HueAdjustmentYellow="0"
   crs:HueAdjustmentGreen="0"
   crs:HueAdjustmentAqua="0"
   crs:HueAdjustmentBlue="0"
   crs:HueAdjustmentPurple="0"
   crs:HueAdjustmentMagenta="0"
   crs:SaturationAdjustmentRed="0"
   crs:SaturationAdjustmentOrange="0"
   crs:SaturationAdjustmentYellow="0"
   crs:SaturationAdjustmentGreen="0"
   crs:SaturationAdjustmentAqua="0"
   crs:SaturationAdjustmentBlue="0"
   crs:SaturationAdjustmentPurple="0"
   crs:SaturationAdjustmentMagenta="0"
   crs:LuminanceAdjustmentRed="0"
   crs:LuminanceAdjustmentOrange="0"
   crs:LuminanceAdjustmentYellow="0"
   crs:LuminanceAdjustmentGreen="0"
   crs:LuminanceAdjustmentAqua="0"
   crs:LuminanceAdjustmentBlue="0"
   crs:LuminanceAdjustmentPurple="0"
   crs:LuminanceAdjustmentMagenta="0"
   crs:SplitToningShadowHue="0"
   crs:SplitToningShadowSaturation="0"
   crs:SplitToningHighlightHue="0"
   crs:SplitToningHighlightSaturation="0"
   crs:SplitToningBalance="0"
   crs:ParametricShadows="0"
   crs:ParametricDarks="0"
   crs:ParametricLights="0"
   crs:ParametricHighlights="0"
   crs:ParametricShadowSplit="25"
   crs:ParametricMidtoneSplit="50"
   crs:ParametricHighlightSplit="75"
   crs:SharpenRadius="+1.0"
   crs:SharpenDetail="25"
   crs:SharpenEdgeMasking="0"
   crs:PostCropVignetteAmount="0"
   crs:GrainAmount="0"
   crs:ColorNoiseReductionDetail="50"
   crs:ColorNoiseReductionSmoothness="50"
   crs:LensProfileEnable="0"
   crs:LensManualDistortionAmount="0"
   crs:PerspectiveVertical="0"
   crs:PerspectiveHorizontal="0"
   crs:PerspectiveRotate="0.0"
   crs:PerspectiveScale="100"
   crs:PerspectiveAspect="0"
   crs:PerspectiveUpright="0"
   crs:PerspectiveX="0.00"
   crs:PerspectiveY="0.00"
   crs:AutoLateralCA="0"
   crs:Exposure2012="+0.75"
   crs:Contrast2012="+2"
   crs:Highlights2012="-7"
   crs:Shadows2012="+7"
   crs:Whites2012="+14"
   crs:Blacks2012="-39"
   crs:Clarity2012="0"
   crs:DefringePurpleAmount="0"
   crs:DefringePurpleHueLo="30"
   crs:DefringePurpleHueHi="70"
   crs:DefringeGreenAmount="0"
   crs:DefringeGreenHueLo="40"
   crs:DefringeGreenHueHi="60"
   crs:Dehaze="0"
   crs:ToneMapStrength="0"
   crs:ConvertToGrayscale="False"
   crs:ToneCurveName="Linear"
   crs:ToneCurveName2012="Linear"
   crs:CameraProfile="Adobe Standard"
   crs:LensProfileSetup="LensDefaults"
   crs:UprightVersion="151388160"
   crs:UprightCenterMode="0"
   crs:UprightCenterNormX="0.5"
   crs:UprightCenterNormY="0.5"
   crs:UprightFocalMode="0"
   crs:UprightFocalLength35mm="35"
   crs:UprightPreview="False"
   crs:UprightTransformCount="6"
   crs:UprightFourSegmentsCount="0"
   crs:HasSettings="True"
   crs:HasCrop="False"
   crs:AlreadyApplied="True">
   <dc:creator>
    <rdf:Seq>
     <rdf:li>Wagner Costa</rdf:li>
    </rdf:Seq>
   </dc:creator>
   <dc:subject>
    <rdf:Bag>
     <rdf:li>Bahamas</rdf:li>
     <rdf:li>Canon</rdf:li>
     <rdf:li>Cruzeiro</rdf:li>
     <rdf:li>EUA</rdf:li>
     <rdf:li>Flor</rdf:li>
     <rdf:li>T3</rdf:li>
    </rdf:Bag>
   </dc:subject>
   <xmpMM:History>
    <rdf:Seq>
     <rdf:li
      stEvt:action="derived"
      stEvt:parameters="converted from image/x-canon-cr2 to image/jpeg, saved to new location"/>
     <rdf:li
      stEvt:action="saved"
      stEvt:instanceID="xmp.iid:7974b2d5-d64c-49e2-a213-de1bc2b21673"
      stEvt:when="2018-12-06T18:51:29-03:00"
      stEvt:softwareAgent="Adobe Photoshop Lightroom 6.8 (Macintosh)"
      stEvt:changed="/"/>
    </rdf:Seq>
   </xmpMM:History>
   <xmpMM:DerivedFrom
    stRef:documentID="52CE7845E84E00B7012358B6550AFEBA"
    stRef:originalDocumentID="52CE7845E84E00B7012358B6550AFEBA"/>
   <lr:hierarchicalSubject>
    <rdf:Bag>
     <rdf:li>Bahamas</rdf:li>
     <rdf:li>Canon</rdf:li>
     <rdf:li>Cruzeiro</rdf:li>
     <rdf:li>EUA</rdf:li>
     <rdf:li>Flor</rdf:li>
     <rdf:li>T3</rdf:li>
    </rdf:Bag>
   </lr:hierarchicalSubject>
   <crs:ToneCurve>
    <rdf:Seq>
     <rdf:li>0, 0</rdf:li>
     <rdf:li>255, 255</rdf:li>
    </rdf:Seq>
   </crs:ToneCurve>
   <crs:ToneCurveRed>
    <rdf:Seq>
     <rdf:li>0, 0</rdf:li>
     <rdf:li>255, 255</rdf:li>
    </rdf:Seq>
   </crs:ToneCurveRed>
   <crs:ToneCurveGreen>
    <rdf:Seq>
     <rdf:li>0, 0</rdf:li>
     <rdf:li>255, 255</rdf:li>
    </rdf:Seq>
   </crs:ToneCurveGreen>
   <crs:ToneCurveBlue>
    <rdf:Seq>
     <rdf:li>0, 0</rdf:li>
     <rdf:li>255, 255</rdf:li>
    </rdf:Seq>
   </crs:ToneCurveBlue>
   <crs:ToneCurvePV2012>
    <rdf:Seq>
     <rdf:li>0, 0</rdf:li>
     <rdf:li>255, 255</rdf:li>
    </rdf:Seq>
   </crs:ToneCurvePV2012>
   <crs:ToneCurvePV2012Red>
    <rdf:Seq>
     <rdf:li>0, 0</rdf:li>
     <rdf:li>255, 255</rdf:li>
    </rdf:Seq>
   </crs:ToneCurvePV2012Red>
   <crs:ToneCurvePV2012Green>
    <rdf:Seq>
     <rdf:li>0, 0</rdf:li>
     <rdf:li>255, 255</rdf:li>
    </rdf:Seq>
   </crs:ToneCurvePV2012Green>
   <crs:ToneCurvePV2012Blue>
    <rdf:Seq>
     <rdf:li>0, 0</rdf:li>
     <rdf:li>255, 255</rdf:li>
    </rdf:Seq>
   </crs:ToneCurvePV2012Blue>
  </rdf:Description>
 </rdf:RDF>
</x:xmpmeta>
                                                                                                    
                                                                                                    
                                                                                                    
                                                                                                    
                                                                                                    
                                                                                                    
                                                                                                    
                                                                                                    
                                                                                                    
                                                                                                    
                                                                                                    
                                                                                                    
                                                                                                    
                                                                                                    
                                                                                                    
                                                                                                    
                                                                                                    
                                                                                                    
                                                                                                    
                                                                                                    
                                                                                                    
                                                                                                    
                                                                                                    
                                                                                                    
                                                                                                    
                                                                                                    
                                                                                                    
                                                                                                    
                                                                                                    
                                                                                                    
                                                                                                    
                                                                                                    
                                                                                                    
                                                                                                    
                                                                                                    
                                                                                                    
                                                                                                    
                                                                                                    
                                                                                                    
                                                                                                    
                                                       
<?xpacket end="w"?>��&amp#0;�&amp#0;
&amp#7;&amp#7;&amp#7;&amp#8;&amp#7;
&amp#8;&amp#8;
&amp#15;
&amp#8;
&amp#15;&amp#18;

&amp#18;&amp#20;&amp#16;&amp#16;&amp#18;&amp#16;&amp#16;&amp#20;&amp#17;&amp#12;&amp#12;&amp#12;&amp#12;&amp#12;&amp#12;&amp#17;&amp#12;&amp#12;&amp#12;&amp#12;&amp#12;&amp#12;&amp#12;&amp#12;&amp#12;&amp#12;&amp#12;&amp#12;&amp#12;&amp#12;&amp#12;&amp#12;&amp#12;&amp#12;&amp#12;&amp#12;&amp#12;&amp#12;&amp#12;&amp#12;&amp#12;&amp#12;&amp#12;&amp#12;&amp#1;&amp#11;&amp#12;&amp#12;&amp#21;&amp#19;&amp#21;"&amp#24;&amp#24;"&amp#20;&amp#14;&amp#14;&amp#14;&amp#20;&amp#20;&amp#14;&amp#14;&amp#14;&amp#14;&amp#20;&amp#17;&amp#12;&amp#12;&amp#12;&amp#12;&amp#12;&amp#17;&amp#17;&amp#12;&amp#12;&amp#12;&amp#12;&amp#12;&amp#12;&amp#17;&amp#12;&amp#12;&amp#12;&amp#12;&amp#12;&amp#12;&amp#12;&amp#12;&amp#12;&amp#12;&amp#12;&amp#12;&amp#12;&amp#12;&amp#12;&amp#12;&amp#12;&amp#12;&amp#12;&amp#12;&amp#12;&amp#12;&amp#12;&amp#12;&amp#12;&amp#12;&amp#12;&amp#12;��&amp#0;&amp#4;&amp#0;}��&amp#0;&amp#14;Adobe&amp#0;d�&amp#0;&amp#0;&amp#0;&amp#1;��&amp#0;&amp#17;&amp#8;&amp#2;�&amp#3;�&amp#3;&amp#0;&amp#17;&amp#0;&amp#1;&amp#17;&amp#1;&amp#2;&amp#17;&amp#1;��&amp#0;�&amp#0;&amp#0;&amp#2;&amp#3;&amp#1;&amp#1;&amp#1;&amp#1;&amp#0;&amp#0;&amp#0;&amp#0;&amp#0;&amp#0;&amp#0;&amp#0;&amp#0;&amp#1;&amp#2;&amp#0;&amp#3;&amp#4;&amp#5;&amp#6;&amp#7;&amp#8;&amp#1;&amp#1;&amp#1;&amp#1;&amp#1;&amp#1;&amp#1;&amp#1;&amp#0;&amp#0;&amp#0;&amp#0;&amp#0;&amp#0;&amp#0;&amp#0;&amp#0;&amp#0;&amp#1;&amp#2;&amp#3;&amp#4;&amp#5;&amp#6;&amp#16;&amp#0;&amp#2;&amp#1;&amp#3;&amp#3;&amp#2;&amp#4;&amp#3;&amp#5;&amp#5;&amp#6;&amp#5;&amp#5;&amp#1;&amp#1;&amp#0;&amp#0;&amp#1;&amp#2;&amp#3;&amp#4;&amp#17;&amp#5;!1&amp#18;A&amp#6;&amp#19;Qa"q�&amp#20;2���#BR��&amp#7;&amp#21;b���3Cr��$����S&amp#22;&amp#17;&amp#1;&amp#1;&amp#1;&amp#1;&amp#1;&amp#0;&amp#2;&amp#2;&amp#2;&amp#2;&amp#2;&amp#2;&amp#2;&amp#2;&amp#3;&amp#1;&amp#0;&amp#1;&amp#2;&amp#17;&amp#3;&amp#18;!&amp#4;1&amp#19;A2Q&amp#20;"&amp#5;aBbRr3q����&amp#0;&amp#12;&amp#3;&amp#0;&amp#0;&amp#1;&amp#17;&amp#2;&amp#17;&amp#0;?&amp#0;�/���2^�&amp#28; 'J&amp#2;`�a&amp#0;&amp#26;AC&amp#25; V&amp#0;dk�a&amp#1;�+D&amp#1;�&amp#20;�&amp#20;.;�0&amp#0;d
�&amp#11;�&amp#20;�&amp#0;+[�
�)&amp#2;�&amp#21;����XR0&amp#21;�&amp#15;�P&amp#8;�&amp#3;&amp#4;&amp#0;&amp#0;�&amp#4;&amp#8;$T(( �
&amp#1;�TR&amp#8;d&amp#20;@e��P&amp#5;&amp#0;J&amp#25;&amp#17;E&amp#20;@
D&amp#12;�*�&amp#2;&amp#20;1&amp#4;
%A^�G&amp#4;&amp#7;&amp#5;&amp#16;�`	���&amp#0;�h�>d�k%��&amp#30;�&amp#16;�*I.��iǙ��&�p�j�2yy(R�T&amp#6;@&amp#25;B��P��&amp#5;�&amp#16;�&amp#5;e@|�
�&amp#12;&amp#5;`&amp#6;&amp#2;��+&amp#8;V&amp#2;0���#��&amp#18;DJ�L!&amp#25;&amp#2;��#��&amp#20;�)X)[��&amp#6;H&amp#0;Q�B�&amp#3;�Ă.J!&amp#4;(�&amp#5;���&amp#8;��Q;�&amp#29;�����!&amp#1;&amp#2;l@ED"�D�@�"&amp#8;��й#��&amp#14;�Q@L&amp#17;&amp#0;(0&amp#3;&amp#0;&amp#17;J�z�#
&amp#0;�P`+*�A&amp#3;&amp#1;@&amp#5;{"&amp#5;~�+
FD(
�p&amp#20;��X
�FE+&amp#1;&amp#24;&amp#1;�J&amp#4;&amp#2;&amp#0;&amp#0;&amp#31;�&amp#2;#
&amp#1;&amp#17;&amp#5;&amp#16;&amp#15;p��`&amp#25;&amp#20;0&amp#5;&amp#5;&amp#20;&amp#1;A&amp#7;�S&amp#0; &amp#25;�Q�&amp#4;\&amp#0;�&amp#5;&amp#0;B�A@&amp#21;��&amp#20;&amp#20;@?�@�&amp#16;'o`'�&amp#11;m�:�c&amp#21;��{m&amp#30;�S����B5�UT�>�6��jU��=�H�s��&amp#7;`&amp#1;P&amp#25;&amp#2;���R��e&amp#3;;�
�&amp#1;J�d
�&amp#3;&amp#1;@&amp#15;��&amp#21;�&amp#5;a
�W���&amp#1;&amp#25;&amp#16;�&amp#4;`#�B0&amp#21;�&amp#4;&amp#1;[�&amp#0;��?p&amp#7;��&amp#4;*&amp#0;&amp#8;�T&amp#28;�¢�&amp#2;L	���'�&amp#19;�&amp#7;$&amp#7;�dA
��	&amp#4;�H���D&amp#22;&amp#4;&amp#0;w ����ғ9��H&amp#8;&amp#4; &amp#0;&amp#12;&amp#0;&amp#25;&amp#20;0&amp#2;�&amp#5;
&amp#24; VP�&amp#17;A�&amp#0;�
P0&amp#20;&amp#31;�&amp#0;�V&amp#2;�&amp#4;~�R��&amp#21;�
�&amp#2;��H�F@�&amp#5;`#"���P&amp#0;&amp#4;&amp#0;&amp#20;&amp#2;&amp#0;T&amp#8;�&amp#20;&amp#1;&amp#2;/@&amp#25;&amp#0;��&amp#0;�&amp#24;��w&amp#0;�&amp#20;P&amp#12;�o�Q_L�&amp#20;@pPP&amp#4;(���&amp#16;&amp#8;Q&amp#8;!S�&amp#2;&amp#0;q�&&amp#0;�hv.���.sږ��*j�$�:֣���b.)�}U�&amp#31;^}Se��e&amp#1;��![&amp#1;^�&amp#6;&amp#2;�&amp#20;�&amp#15;�&amp#5;a&amp#0;�s�&amp#8;W���&amp#2;�@&amp#24;
�&amp#21;�����F�G�&amp#21;�+a
�&amp#17;�V�W�&amp#8;�&amp#6;p&amp#0;�&amp#21;;�&amp#0;�P&amp#8;�&amp#19; L�L�r&amp#4;&amp#0;&amp#21;S!&amp#12;A=&amp#0;9 &D�@;�&amp#8;���&amp#16;&amp#8;&amp#7;��ԑ��2@&amp#16;&amp#7;b(&amp#0;&amp#0;&amp#4;
�&amp#0;0&amp#3;D
�&amp#25;&amp#20;�+&amp#0;0��&amp#0;
�&amp#24;
V�F�&amp#21;��&amp#1;&amp#26;D
�&amp#20;��X
�+ F&amp#20;��&amp#0;�&amp#25;&amp#2;{&amp#0;&amp#0;&amp#0;@ D�@$&amp#16;� 2&amp#1;�&amp#7;p	C.}��&amp#2;�&amp#12;��p&amp#3;&&amp#20;QAA&amp#12;&amp#20;J&amp#14;�&amp#4;�;&amp#0;�&amp#0;@�&amp#16; Q&amp#2;&amp#1;}�&amp#23;V�b�&amp#7;^�G�T��`��F�ф&amp#30;LoM��Ҝ��(i�{�`
&amp#3;L&amp#5;|�&amp#6;&amp#20;�&amp#8;&amp#12;�&amp#26;`+&amp#8;V&amp#0;l&amp#0;�P��&amp#2;&amp#3;&amp#8;_b��&amp#23;;��&amp#8;V&amp#0;l&amp#4;y F�&amp#21;���&amp#8;F&amp#2;�&amp#18;A&amp#21;�!&amp#25;&amp#2;0&amp#7;�DN�P�&amp#4;*�&amp#4;Ϩ&amp#16;*&amp#20;&amp#0;&amp#14;�L�2&amp#21;&amp#0;+�&amp#2;�" �&amp#16;&amp#21;�&amp#20;R&amp#2;&amp#17;&amp#16;��&amp#21;&amp#2;&amp#3;"T��&amp#19; ���ؑ��0&amp#19;&amp#4;&amp#19;&amp#0;(
�&amp#12;�&amp#12;�X&amp#1;�6
V&amp#2;�H&amp#3;AJ��
VP=�V@�)XB�*�&amp#0;�&amp#4;d&amp#8;�#
VD+aJ�&amp#3;���&amp#0; �@� &amp#31;�D&amp#0;��&amp#18;"&amp#20;&amp#16;&amp#25;&amp#0;}&amp#0;�P�&amp#16;&amp#8;&amp#12;�@7�S"��&amp#0;d�`�PW8"�&amp#12;� Q&amp#8;���p &amp#19;�&amp#0;����d�5&��߶m{Z0T�u�&amp#28;�b�F.O>�]ex���T�3&amp#24;���'��&amp#6;߀
�&amp#21;��a
�V�&amp#17;�+������_�&amp#2;�&amp#3;*&amp#21;�&amp#16;��.@�
U&amp#7;�D+�&amp#11;"�&amp#24;
�&amp#21;�&amp#2;2&amp#4;�El&amp#4;|&amp#4;V�V@��&amp#8;&amp#8;&amp#16;B�&amp#3; &amp#16; h
��A
�A7
9��" &amp#25;&amp#16;E��r&amp#3;&amp#5;��A�&amp#0;92#`�&amp#17;&amp#2; W��ڎO!�!&amp#0;
P�E&amp#6;&amp#2;�&amp#7;��/�P&amp#0;&amp#5;.�&amp#12;&amp#17;A�&amp#21;�&amp#0;`+
V&amp#0;`+&amp#1;&amp#26;&amp#1;&amp#25;&amp#20;��
�@��F&amp#2;2&amp#5; &amp#12;)X&amp#1;���&amp#0;�&amp#0;&amp#20;B&amp#0;&amp#1;
��@	A&amp#0;�P&amp#12;�Q&amp#0;��@7�&amp#3;`(�&amp#25;&amp#20;2&amp#1;�QA&amp#5;&amp#5;&amp#31;�E&amp#0;B�A@@&B�@�]oMԩ&amp#24;�P��KEN�[\&amp#29;�9&amp#25;��y���V���wIͤ�&amp#21;�����d
&amp#0;&amp#1;��&amp#5;`&amp#6;�&amp#0;��!&amp#24;&amp#8;ȅ~�J�&amp#20;!X
�&amp#0;2�@P��@��^H�`+�P�m�W�&amp#1;[dB0&amp#21;�V��+aJ�"&amp#17;�&amp#16;� ��&amp#2;0 &amp#16;*2�A&amp#25;D �&amp#20;�&amp#8;
�
$&amp#7;�&amp#1;&amp#0;��&amp#17;&amp#22;�G$@&amp#0;��&amp#16;*|� &amp#31;��ڎO �&amp#8;&amp#4;&amp#0;2(0�aA�(&amp#1;�&amp#6;@&amp#24;
U&amp#6;�&amp#0;R�&amp#3;&amp#0;4&amp#2;4&amp#0;`+
F�F�&amp#18;DUr&amp#2;�@�)&amp#25;(F@&amp#24;R�&amp#6;@&amp#0;�܂&amp#20;��&amp#16;�e�J
��@P&amp#5;&amp#5;&amp#20;T2aE&amp#0;P&amp#12;P�2&amp#1;�T�/�&amp#1;�&amp#12;��&amp#4;	�d��&amp#16; &amp#19;=�?�T&amp#2;&amp#0;y&amp#3;��Z��T�.~�W�����K��#&�]B���H�ڍg:�s�V&amp#31;sH &amp#12;���2&amp#0;`+&amp#1;X&amp#8;�&amp#17;��
T+ &amp#12;!&amp#24;&amp#1;�&amp#11;�&amp#0;� &amp#16;(&amp#1;�&amp#0;��#e
�&amp#17;�
FD#o�&amp#1;&amp#24;BH"�&amp#2;0&amp#23;��&amp#16;"v*�d&amp#19;�&B�*&B�&amp#4;�`F DD�Ȋ+9�&amp#7;>�&amp#7;$�m�"&amp#15;p��`"v&amp#8;$&amp#16;&amp#8;&amp#4;&amp#3;���ry&amp#19; &amp#18;&amp#8;&amp#4;&amp#0;&amp#0;��>&amp#0;&amp#12;(~�
&amp#0;aA�&amp#26;
&amp#12;&amp#5;h&amp#0;&amp#2;�(0&amp#23;&amp#1;
�&amp#4;�&amp#21;T�+�&amp#5;oo�Ul�Y&amp#20;�&amp#5;dR�
#&amp#0;&amp#16;@ &amp#0;	�&amp#8;Q&amp#0;(&amp#2;&amp#3;/�&amp#2;�&amp#8;S &amp#8;&amp#12;�e�C"�AL�d&amp#1;
(&amp#2;&amp#4;
%&amp#16;&amp#3;�&amp#8;&amp#4;�Q&amp#2;d&amp#6;�&amp#23;9����h6]0Rh��3+��(��i�ˌ&�p�i�+O�m��YPB��&amp#16;2&amp#20;&amp#24;@l&amp#4;`+&amp#8;V&amp#2;4&amp#2;��`+ &amp#15;�&amp#1;[�!_�P�!Y&amp#2;���&amp#21;�&amp#21;�+A&amp#8;�F�Fȅ`#*&amp#17;�&amp#21;�)&amp#31;�T+ &amp#29;�&J���&amp#2;?p���&amp#7; &amp#0;�@&amp#8;��R�v"
"�p!&amp#16;W&amp#4;Q&amp#0;�N@�&amp#4;�@'`��&amp#7;��Փ��)�P&amp#5;&amp#0;&amp#0;��&amp#1;��&amp#0;�&amp#0;R�&amp#8;&amp#20;�&amp#6;&amp#0;�
&amp#12;&amp#0;�&amp#21;�&amp#31;%
�&amp#12;)&amp#25;&amp#5;r �AUɐW.B�{&amp#25;R0&amp#17;�&amp#5;`&amp#0;&amp#7;�*&amp#20;&amp#15;r&amp#1;�D�&amp#8;&amp#21;&amp#0;�&amp#19; &amp#20;&amp#1;X&amp#0;�
`0&amp#5;&amp#20;2
e���&amp#7;^�&amp#12;��D&amp#22;F.\&amp#20;3�%��&amp#5;�
8�&amp#0;��&amp#8;&amp#8;��
&amp#8;�&amp#16;&amp#28;�L�P&amp#7;P��'�7�6���ۂϺ��&amp#29;>��I&amp#30;�a��A��[�&amp#17;�]uNK'&amp#27;G&amp#11;�,П�&amp#16;&amp#1;�
�2&amp#16;&amp#27;&amp#1;X@`#�&amp#5;|&amp#0;�&amp#5;`)&amp#16;&amp#24;&amp#8;�B��a
@�;�&amp#6;&amp#2;�&amp#16;�&amp#5;e	"!&amp#27;&amp#8;F&amp#2;�&amp#21;�$�&amp#2;��"&amp#5;�B~�/�P2&amp#17;&amp#2;�Q�v(��&amp#2;>H��&amp#25;�:�Ѐ�&amp#24;��&amp#1;D&amp#19;r!�H��N�&amp#4; �P&amp#8;&amp#17;0&amp#7;����qy&amp#12;�A&amp#2;d&amp#3;�	��&amp#16;��&amp#0;&amp#0;&amp#0;P&amp#0;&amp#0;&amp#0;&amp#17;@�`)Z�&amp#0;&amp#2;�&amp#0;�����AT���&amp#5;l���&amp#17;H�&amp#17;�&amp#0;&amp#3;&amp#2;&amp#21;@&amp#0;�&amp#4;&amp#16;�&amp#4;&amp#16;���&amp#16;Q&amp#20;QA&amp#0;�
&amp#1;�&amp#12;&amp#20;QC�&amp#25;&amp#20;:&amp#1;�GkLӥW��:ԟm&amp#26;����Q&amp#23;Kc�8J&amp#18;Ė��*S�%&amp#24;��&amp#15;U��Ծ�)ק��!����^{R�
W2P�2KӜcɡ2&amp#1;�&amp#0;p��cn�VQ�ܖ��-&amp#30;�&amp#22;�S_&amp#22;9/�C�]&�1���5���Q&amp#4;�&amp#4;�����
[...]
�&amp#0;&amp#2;&amp#5;&amp#0; &amp#16;�&amp#0;&amp#2;�&amp#22;S���س\o��{&amp#28;5��&amp#27;t��R\�,zs��R3cR���̑M&amp#11;�RR�Zq�xjL�=4r:&amp#22;�.խ��*��&amp#26;��#����Gf���W�m5.�-4t�H��]O�&amp#22;&amp#19;x�&amp#26;�O���e?��Q�N�S&amp#31;&amp#20;���?�?��V���uy߆&amp#30;M|�?&amp#26;�u��jK�TgQ�]�?�&amp#23;5�u�&amp#20;�:��)�&���/y|��N�G*�F�+դ�Txo�Wc�&amp#29;s&amp#30;�M�i�q���]���^���8%�:f9�Ҽ�.N��T��&amp#4;^��uֳ&amp#8;-�F5[�-ߊ���{��*j�&amp#18;�ƴ�j3r~��&amp#28;.�q�<]V�zSF-f�G2��{Y���&amp#15;���mc��Y��6���k&amp#23;t��#&amp#22;�dE��G\&amp#17;M&amp#19;4�&amp#17;�2"�/ǸS��1��&amp#21;&amp#23;�,�k6��t;&amp#30;��SG�&amp#24;z%z�Z&amp#17;�RH�L�+l`�i&amp#17;�&amp#0;�-&amp#17;J�v"�jP{&amp#16;&amp#24;ԓ2���nY&amp#16;�5&amp#25;CHY2�܀W &amp#7;X&amp#3;��u&amp#5;&amp#7;0&amp#21;�&amp#1;�&amp#0;&amp#7;�ҙ<NeaJ�B�@����&amp#12;�&amp#12;�2&amp#16;&amp#0;�
�VD&amp#6;&amp#0;�!X
&amp#16;&amp#31;8&amp#1;X
&amp#2;��&amp#4;�&amp#3;�&amp#0;&amp#0;`&amp#12;&amp#0;0&amp#0;*�&amp#0;e
D&amp#26;u�Q��7�.�^�&�o��բ�Tq���6�{�&amp#11;��\�-��е�gn�&amp#21;���o�=8��&amp#21;%7���O%��L�f�=I=�'�󅝕Yw5|ϜP��)�燒O>U�H�R敵&amp#15;�It�ٽ���~�KP�=���S�x3�M}�&amp#0;�������d-k�S���Z����q��&amp#30;i�t�*4�&amp#28;5�&amp#29;����&amp#29;���-k�uhBr~�&amp#24;;&amp#12;>M�(�1Ir�o��V1�icxIz�&amp#28;�RYX\"QW�:��xx�l�&amp#23;��#R�jk&amp#18;���D��k��T��tE&amp#5;�o&amp#28;�E&amp#20;��[&amp#24;��&amp#21;liɯ�9���]q�ִ���W�� ���&amp#11;p�o^/S�%O.+&amp#28;�n\�z����Q�R_���Y�,�&amp#1;T&amp#0;�P&amp#0;Q&amp#0;�&amp#0;�&amp#4;&amp#2;&amp#0;��8�ŗ���&amp#24;����&amp#30;�mӣ]4q��5k�F8�&amp#21;N,F��t�{�[M�R�6�tr��ҥ&amp#5;$t�V�Ipi�&amp#28;ˋG&amp#25;��p�n9X��&amp#30;�(Ӈ���&amp#0;�����{�ޟNV��x��1�!�_�����>gņ�P��񱛵���Ww&amp#18;�Ǐ�~nzy{����M��sz�n�,���j&amp#6;E2&amp#3;��p
"&amp#26;,��&amp#22;�ZZ���&amp#30;	R,FZ2 t&amp#21;dW��������b��u�]3&amp#31;I�-�!&amp#21;�ۈ��Ҏ&amp#17;�&amp#23;&amp#21;&amp#17;�&amp#21;��Y&amp#24;�&amp#17;I8 &amp#19;�"p�PJ&amp#18;L��R&amp#2;�H
܀W2(u���&amp#20;���`2�C�&amp#7;��V�&amp#19; �&amp#8;Ȁ� F�&amp#17;�&amp#24;&amp#3;$D*&amp#0;&amp#17;�&amp#0;@�&amp#0;0�d
�&amp#0;
�B&amp#21;�&amp#21;�&amp#30;�/���&amp#0;`&amp#0;&amp#0;&amp#0;&amp#8;&amp#20;&amp#25;@�&amp#2;��d
��W���kim&amp#8;:��8-�pt����vW��g��J��g��5��ឭg&amp#30;�&amp#0;��a������u�;I\�o|[eA?�,&amp#23;�j]��o<x����/�|g����;�x�P�N.]&amp#17;�D��/���t�>�R�P�{o9z&amp#27;�Y�~U��.���S��QK&amp#25;:]���24�,ŝu����2ng�z��m$��3&amp#25;�j������Лm��&amp#16;���ME&amp#19;���8�I5�Tf�aBw�}�����Z�.�\�%ҹ~Ĺ��g��_�&amp#20;���;���7[�Ue��iz�d9S�&amp#29;;}&amp#14;1í.��1��t�훶�ZB1�R�쎜�&amp#12;76P�{
�9��Q�&amp#14;�,,x�[F_&amp#23;�y���>�J��Td��g_Ӟ�&amp#25;M�&amp#5;&amp#16;(&amp#20;&amp#0;�&amp#0;&amp#2;d&amp#8;&amp#4;&amp#0;&amp#20;@&amp#30;&amp#19;qfl%�m&amp#27;��:þ6�P���糏Ntх$f�X��2J�%&amp#12;&amp#29;%&amp#6;��%GB�k'/�uhM`�F��4��AI3Q,g�&amp#29;7��zŋ�*���at�5�x��kqz��⺻��J�_G�N:�9y&amp#30;Ma��s��2&amp#4;0&amp#16;��&amp#30;+Д�dL�:2�&amp#17;����_�&amp#17;dR
��:�&amp#21;�&�G���I<&amp#30;�8�f=͜1&amp#20;z�Z��	&amp#27;d\�
�&amp#4;��ȫz��������&amp#21;�eEr�&amp#21;�@W)&amp#17;U��+�&amp#20;�d�̝SFEE���V&&amp#7;��Fx�+&amp#1;Y��!X
&amp#2;� &amp#16;&amp#6;ʈ&amp#4;�Q&amp#2;&amp#0;&amp#1;�+&amp#0;4D+(&amp#12;!^&amp#8;&amp#21;��&amp#15;Р&amp#0;&amp#0;�&amp#1;�&amp#0;&amp#1;�A�(
�&amp#1;{&amp#16;,��M���:���O�M��O�R��n���&amp#18;��U2������'Ο*�r���:�V��&amp#16;�-��֍&amp#26;+3���ε����)���[�8�Q�'�v���fq��O&amp#2;�IUc)��0��&amp#29;JMͷ�7rM}&amp#14;1��alY&amp#19;������)[̈'&amp#27;��a6s��&amp#22;)3HhɢĬ���m8�k&amp#31;R��3E�4�&amp#4;��My��=]&amp#26;IE&amp#29;&amp#27;Z�AT��Z&amp#11;&amp#4;iͺ����jǛ��&amp#20;���8�z����㬹��Wv�ߡs�+8�͠&amp#5;B�&amp#0;
�@ &amp#0;&amp#8;&amp#4;*�CFM2X6��a�p�^�mң]K&amp#7;�Ǣi�*H�t�'M3?�UӇ�z.�>�5&amp#27;��q��&amp#29;*&amp#21;Q�Q�I5�@8&S����Y&amp#12;�&amp#12;�&amp#22;)&amp#25;&amp#2;r��J�^.�͹�8&amp#23;��&amp#19;��˕R��=&amp#18;�z�&amp#21;�+&amp#2;&amp#16;@e�&amp#5;����4x�TX�2�&amp#22;G&amp#6;j�-�&amp#25;-��&amp#22;B5Z/�D܍ǽ��0�^&amp#30;��V�J(�ī%r��4*w��d�N,�\�&amp#29;&amp#22;B[��H�9&amp#2;2�%,&amp#17;Y�P
�@&amp#17;�&amp#4;s&amp#8;�R
�Ȋ��ʑ̊_3r*�H�etdT[&amp#22;i&amp#31;��F��B0�d
�V@� &amp#0;�"&amp#1;&amp#19;&amp#8;��&amp#0;&amp#0;��!Y&amp#0;B�&amp#0;�&amp#1;��
&amp#4;�
&amp#1;&amp#0;(&amp#5;&amp#3;�&amp#3;�&amp#8;&amp#3;(&amp#31;�&amp#2;�&amp#5;�B�&amp#4;|�#3B?r
�L�J̄e&amp#8;�MA��&amp#15;���+S��%��e�{3�G|�>�&amp#26;J�TR�E�d�n�mBRo&amp#15;&amp#6;tu�е�7�j�euE���Tw��7_n�\=��5V)����}E�L�*[��&amp#5;I�D禲&amp#17;3&amp#22;�L�d�Df��J���l����i�&amp#20; �;3&amp#29;H�"4�`S6&amp#21;�k$VJ�򙚮]�&amp#4;���W�լ�%��<6�g��9k���Ǟ�i��&amp#28;K��UN��:&amp#6;&amp#25;D�P&amp#2;&amp#1;&amp#0;�&amp#2;�&amp#4;@�&amp#16;�L̈́�k�]����|�ѷ���G�:k�M&amp#24;���Q0��
�)�i��[�W�q&amp#17;Х[87(�	&Qb���h�x&amp#28;	*�&amp#26;�+-o�`Ŏe�&amp#28;�嬹W&amp#20;7}�gO.���-3�+�b&amp#6;E&amp#0;Ȉx��&amp#22;ǟ�f�Y&amp#31;���:D&amp#22;-�eN�&amp#15;&amp#21;�`�m�E�MG��+�����]�^o�'�Ug�]���I�o�I>N%�:&amp#22;5\Ι�Y��&amp#31;�tshL�h���&amp#5;&amp#21;$&amp#21;����V����Lwc�&amp#6;�UI��}�S�]�SQo9YO�^�]T:p�D�R3UT�g�+U&amp#17;&amp#5;��n%h��2�&amp#18;4��֭�&amp#20;+&amp#1;Y&amp#2;��![ V&amp#2;���&amp#7;p D*&amp#0;D&amp#0;0��P��V&amp#16;&amp#25;&amp#2;0�&amp#20;&amp#0;�@a@�z&amp#16;&amp#6;&amp#2;���&amp#3;(VE!&amp#2;0&amp#17;�%	#5H̄dR����o�_С���,&amp#30;�&amp#12;wK�����e&amp#11;{HE,t��ev��$�&amp#23;'�1���7�&amp#3;�ekN_���dp��k\x�3Q�gq&amp#25;�M<������o^n���j0�,)��u1��ٞ��u�U�K&[&amp#14;&amp#16;&amp#2;8�&amp#20;�VRǩ�m�#�"Ӧʆm%��sH�aQ\]�}���&amp#27;Í��[k&amp#20;���՜"*�H
e0��"*��&amp#6;&amp#27;�&���?���Oc�i�5+&amp#7;Q����f�&amp#2;�����r�s��V��o�v�����������?�|�\F&amp#26;�t��7=&amp#18;����q�u���,T�[3l�T�&amp#19;&amp#0;L7�&amp#2;�/A�ʅG���/)խW؟8r��iW<&amp#25;��fk}��Dq��Ә�S����&amp#29;����<ш��h�-�U��FlWB޾v$�&amp#29;
5r�u&amp#26;�4�D��&amp#19;o�E3�^�r�eUHe|̱��]RK!�qǸ�&amp#31;&amp#7;�&amp#21;��S�ې��FP�%U�1Z�b�f�&amp#15;&amp#19;*x�:(x��ߜ���&amp#22;�[�q�;b�G���ꦷ=r�CU]G=GX���'+&amp#27;t��8G,��&amp#28;�+�NYy=&amp#14;5r��N�&amp#0;��3ՙ&amp#22;1Vj*5d�&amp#14;�5�9�eD.�F�k)C�o�=�&����2�V|Fmtg�`Ԯv3��F�t��&amp#26;i��6��E��I�c��«��'N&amp#11;�X�:�g�u�ɛN$k'�J-�Cq+U)囌�ӑQ�ש�xP&amp#8;&amp#17;���V&amp#2;�&amp#24;@&amp#8;&amp#15;���@��&amp#1;���@`&amp#0;&amp#0;@|��&amp#5;a
�&amp#21;�&amp#12;�&amp#0;��@�*|��(&amp#1;�&amp#0;&amp#21;�&amp#2;�&amp#4;y"�� FJ&amp#17;�H̄dP|mأ�g�Gڵ)^M~Ά��&amp#0;��&amp#0;��|3�����}v1T�$n����q�m6�&amp#18;Yl��ậ�/j\>���#�o���{X�ۑ��>&amp#26;�&amp#21;m:��0{J/���~�&amp#31;��-澛i{B��kіb�]��g��U�,&amp#17;�q�&amp#26;K(�!pe�$Q�׵&amp#24;���<N��&amp#31;��^Fu~��U��Ξ�	�{�y|(��S؂��
��$&amp#1;���&amp#6;Z�bU�E�<�q�qįh�.&amp#14;6�&amp#25;e��<&amp#28;�&amp#17;��v%8IZ%��W��m"���
�)��:�s�i�|	S��SL߃sU��&amp#21;=)�ƾu?�V��&amp#18;��&amp#25;���&amp#0;��*�ƺ&amp#26;?���|t��g���R�F�&amp#22;GKY�/�lt��&amp#18;��l,�&amp#29;�N�23��:�&amp#25;+&amp#25;�2NFx)��5&amp#16;&amp#20;��&amp#6;�UZk�Ń�oq�����*��k��,�RL��Q&amp#18;�"��cY+&amp#22;0�S�a�G&amp#22;�'LW�q��3��D!�&amp#8;��Fh�81[X�S+Ջ�!�U�aL�&amp#6;�&amp#28;���&amp#22;Rqi�W|�-�wҏFv�#�
�\�:���,T^#�k5�5R��X�V��C��&amp#18;S�&amp#12;�&J���&amp#26;�3�6����9j:J&amp#20;�ȧ�K?#�ů��&amp#0;��Ma6nFz�+u�&amp#28;c&amp#15;{�*�Ѫ�.�g��\yؼ:�U�wIe������i�Wr[I4��ӊ��ܸC=^4ҫ'ٖVx�Jr}��&amp#14;�8�G���&amp#14;���rk�H�Щ� P&amp#3; P�&amp#2;�`��&amp#0;@�&amp#20;�&amp#6;B @ &amp#25;(&amp#1;&amp#3; +"&amp#21;�&amp#20; n&amp#4;(�@��&amp#3;*� V�&amp#12;&amp#5;`#&amp#1;&amp#25;&amp#20;��&amp#25;&amp#20;�$&amp#21;�H&amp#17;�&amp#4;��&amp#18;�|#~x�^&amp#15;��'GV&amp#26;](8⤗]Gߪ[�R�};G��ҋ�&amp#8;�[����T�-�MK⪜b�6�Z�|�|���H�(U&����&amp#29;�&amp#3;�W&amp#26;}�_VcĢ�k�������&amp#0;��k�&amp#22;w�/�cqE�2��?�g��^��-�n�D�2�Np�	NMF1Ym�&amp#14;&amp#15;�x�]w��0���&amp#23;����NZ�M�K��&amp#21;���~���V�3&amp#4;vt_)�R�
P��&amp#18;ATT�&amp#18;��u&amp#12;�q�Q͝%����T�f���#�b�5D�&amp#24;��R(�X�:i���:&amp#17;e�\W�X��nS���q��S�VP�/W�x���&amp#17;8�6�]��&amp#23;o&amp#21;���:Q�'Z�pY'T�+�3�#�'Fj�&amp#19;��^[��F)�MB�m�d7(xɦf�i�S&amp#24;9�u��}�&amp#17;&amp#27;)����&amp#22;�&�+�+Q܂Բ
��,���Qʺ���I^}�ȯG��&amp#30;����x�ۑ�v2�K�
�&amp#6;jū���/C*�>�N�&amp#29;p�4��&amp#27;˭kؕ�˷g<cq5�y&amp#29;�y�&amp#7;I��ˡJ975ԭT��5�g��^&amp#15;Dr&amp#31;0�
�T&amp#31;4&amp#4;o���A�AF).�j�H�&amp#14;Q�\��&amp#21;�l��F�T�U��.���`6]֧&amp#27;yn���a&amp#31;V�4��6ԡc��J8}�m"&amp#14;uŊ���Vd��&amp#3;65ګ�4��|b��;o.�����*�pq��[���5���(�/�ѥ�&amp#16;�!Y&amp#2;�;&amp#17;
&amp#0;*&amp#0;@&amp#0;<&amp#4;&amp#6;&amp#16;&amp#2;&amp#0;@�&amp#0;&amp#0;d&amp#0;�B��`&amp#0;�&amp#4;&amp#2;&amp#20;O�&amp#5;&amp#0;���&amp#0;��X
�VE#&amp#1;Y&amp#2;2&amp#5;~�H�Ѝ&amp#16;u|3`�uz&amp#16;k0���{?&amp#27;?�X�o���T�E.����˪\�4d��s�jGļW�J�&amp#0;T���K����7���&amp#31;J��Ñ%�K&amp#25;+(���U�K�&amp#18;��jys��K
p}�����~�&amp#31;��.���X�Vz�5;j�M}�=��h�:���䕣4¼o�<CN�'eo4��&amp#0;1��&amp#0;?�&amp#28;�uϨƫ�&amp#14;��S�O-������׸��&amp#28;7:�ߦ��&amp#21;ԩ�����Ք&amp#0;�
�(W")&amp#27;'Es"�\���5&amp#28;ʲ�<��L��J3T�1Q�r9Ӭ�x0�Q&b�&amp#8;��&amp#7;ZH�ԭ-�&amp#14;��&amp#22;&amp#11;���u&amp#17;�&amp#14;��sX%��TF-Ur�KZ���3�U9�te���)&amp#24;k.K&amp#26;d�:Ĥh�n�N���C&�&amp#5;��4b�k�\��m�W'Hqr�(=#�u&amp#18;qFP��&amp#3;61�[�?@㬹&amp#23;V��^���\��\_&amp#27;&amp#29;�M`�+���3N,�3VE�ʞ&ZY&amp#17;&amp#3;�&amp#5;&amp#14;�4Pxh5&amp#29;kW�zr�Y��a&amp#24;�Dw��g&amp#6;󖮝j46=&amp#25;�&amp#23;MP��&amp#7;Y&amp#24;�����0�9�|�&amp#14;�&amp#31;8u8hVJI���&amp#29;&amp#30;��@/Q&amp#21;̯t�'�(��+���̊
�h��&amp#17;:��*�yi/F�N&amp#30;T��-�]&amp#15;1�v�&amp#23;�&amp#11;:ʯ\�/��8Ҧ��ܝ8��Io����ӊ3&amp#25;ɳ7���8'&amp#5;��H�X�:�w:3��ҥ�&amp#21;+&amp#8;F&amp#16;;�&amp#8;&amp#21;�&amp#6;&amp#16;�&amp#1;�&amp#27;&amp#8;&amp#15;� &amp#0;&amp#8;�&amp#16;&amp#24;&amp#1;�+&amp#0;0�&amp#0;a&amp#0;*~A&amp#4;�&amp#5;G�&amp#2;�&amp#0;W�&amp#2;�&amp#0;V@�)&amp#31;&amp#25;&amp#1;Y&amp#2;�# F@��&amp#7;������k�5��(����^9�&amp#27;��&amp#17;j4�+�y?&amp#23;�Q���S;�/&amp#11;߃�����e)�R�2yoݞ[{^kz��C%kr�
Ѡ���8k&amp#0;o��[�*��Jn./f��ήM��&amp#22;��[
Ԣ�_�Y-�S�pz��~�.�J��&amp#0;&amp#27;ZB�Tl&amp#27;��굌g�Q��I��&amp#0;%�|���w&amp#21;&amp#28;�����q�g�i�����8��L^Wi�}KD����s�+�z&amp#8;O(�.@V�-R�&amp#24;��&amp#7;9'W��&amp#17;��b,�X��O&amp#18;g�w�ё��&amp#6;:��Tͨ�u&amp#12;
'<�X�S3Z��3&amp#29;n&amp#4;j4YZY&amp#26;��S*ެ�Cy�&amp#11;*é�R���W�Nr{,�ꯣcsU�1e�S��|?q?��nyZ��l��&amp#27;[�Γ��&amp#31;�&amp#21;<.������9w�&amp#26;pM���<u�y��*�&�&amp#23;��˖�ĭ*z3?&�"In�Ӂ*OП$�M�5�:Z�&amp#15;	8��j�U�F�UV&amp#14;��Ld�E�
�1L�N�W&amp#4;f�:��)��Yq����%�ͼ�Ӧ���^��<H��fE�&amp#24;^,���: x��X�����&amp#23;Sن��g�4�p�m�ͣY�]ezKZ	$z3��N�&amp#14;�3��x����K��&amp#1;ɔ�۹z�D�D��&amp#26;'N'����is�Q[�&amp#29;�z�[:���{���GN8?iP]/f�h��r:V&amp#21;#�������J�&amp#12;�;Hϥ֊��E�&amp#23;}�8�gܽF;��P�nbҔ_K�M&amp#14;���x��&amp#23;&amp#25;7�ܞ2�Ş	�8�ar��x�^&amp#26;�̽�M��&amp#8;����z���F&amp#11;&amp#25;5�g���*���S��ӧ���
�\&amp#16;&amp#6;&amp#2;�!^&amp#2;&amp#21;��2!r&amp#0;"&amp#7;b�&amp#0;&amp#30;�@&amp#8;&amp#15;܀o��&amp#0;&amp#30;p&amp#0;�&amp#1;&amp#0;"&amp#5;@&�&amp#2;�&amp#4;`+
^B&amp#0;R��+&amp#1;X
�Ȥ`+�&amp#2;4@�.go&amp#21;��&amp#0;�e�iNQ�J������&amp#0;S�Y��H��F��G:�&amp#31;,�Я3&amp#8;[�����G�z���&amp#0;O&amp#0;�;�F�*&amp#21;�P�&amp#21;8&amp#24;(&amp#29;=�Ӏ�
��p�&amp#22;M�^K
Fi����i���TO��Lk��������қ=8�Ӥ��ݕ�jAa��i��()&amp#27;3kP2s�&amp#30;&amp#12;��&amp#27;��.u�u&amp#24;�cu�&amp#30;r�T�&amp#15;&���r�2��P�E&amp#18;�c��U&amp#8;Ԋ�,��֢�,��j&amp#17;��O�A�`��B�nu����l�/�oZ�&amp#8;�:�ZhU*4��+X������A.���;����v-��1K&amp#16;H�g�G;��v0]��&amp#22;z�Z�.&amp#11;ä��Z�/Xnl!$�3cR��Z&amp#29;9��<���ӛSÐ�&amp#19;��M�W�&amp#18;[D��_��s�J�&amp#8;�qƺ�U�p�h�FyQkl&amp#25;��n�F��&amp#28;�(�J�Bk���U&amp#14;��&amp#26;�,�&amp#26;"�&amp#25;�(�O+�͎uͶ{~$��Yrn-��/&amp#30;}�T�dβ���ĔY&amp#19;5N��"�Ab�ӓ�i�/���(&amp#31;&amp#21;��&amp#30;B�]�'OnI�$묏ach����UסO&amp#7;^+d"UX�P�b�Za^{Q�q��7�c���&w���?���J�C�&amp#23;�f��/S?%�f����:y�k�Bi�&amp#29;Y_{��2�j�\b�i��/��j�+�S\�pt�F��&amp#0;
{&amp#28;�&amp#0;��&amp#20;ӿ�R�aOyɤ����ǩ�q8Q�>���&�Go�&amp#14;f��tЅ&amp#20;�9�����z}&amp#18;9�l�R�����VZ�&amp#31;x��g<޵^��%&amp#7;%�'���&amp#25;���$��c��u������&amp#22;�k[�L��ԥ�5+"&amp#21;��&amp#4;B��B�&amp#24;B�&amp#4;(D�&amp#16;&amp#24;&amp#0; &amp#0;&amp#30;�&amp#1;�&amp#0; w"&
&amp#1;&amp#4;(&amp#1;&amp#0;(&amp#20;�&amp#20;&amp#24;
&amp#4; V&amp#2;�&amp#3;&amp#1;Y&amp#20;��W�&amp#20;�&amp#5;�&amp#5;�T&amp#29;��&amp#26;)e�qX�N�&amp#0;�?��}�G��[ӊ�)/���C�U�)?��U����o]ޫ5�Ɨ¾}�'�cu�g'"�
�eB��cf�&amp#1;T0&amp#16;1�&amp#2;,��J�F$�������s4�&amp#22;c���&amp#0;&amp#26;�h7��A��*�&amp#0;&amp#31;&amp#27;m�+w6��F�ʟ&amp#23;���9qI��o&amp#24;���ӬjS���]O)�mUKc5�N��4�,�f��&amp#27;�.m���[G-���4'	<��s�Yz�P�+=C#4�s&amp#21;&amp#21;JDUNF-R�d��%#1b�H�l���$��#���.x��N<�s�zK[
4��Y=���Zu(R��[&amp#29;f\�th�[&amp#27;�=m�M&amp#20;\��8
Y$&amp#5;&amp#21;"���%F/��4��:K��|W��R���&amp#16;�������h&amp#20;+E��m�lO�O�5|&amp#29;cQ�(��y�Nw�Y�F&amp#30;&amp#5;ҿ�y��&amp#0;ݏ�g�&amp#28;���j�O��&amp#12;&amp#26;eR��6��n~&&amp#24;��*x?Aq�V�M�M��/�L/��2��:\�hJt_ϩ~g-~&amp#28;��Sڼ����iw&amp#14;��(s&amp#25;�&amp#26;<����UR��䕦�L��˂)��&amp#5;5ie&amp#6;,snm���ἹW&amp#22;�ŕ��Y&amp#28;&amp#26;{�덜&amp#24;�&amp#0;�*.�&amp#6;̵#e*+�jF��F�q�&amp#26;����p�V�.����%���#�i�
	lz1�]�&amp#20;p��[!&amp#12;&amp#26;U�@0	7�&amp#28;�՘�5��&amp#26;�\[q<�nG����&amp#7;�羍��N�?�x}2�j����r��`���+�9��;��f�����W&amp#29;&amp#18;�	��a&amp#26;�&�&amp#4;�9<F+����iZ\m&amp#23;�W⸗�+�_��9�&amp#22;���ҵ��U�ǻf��<�k��5eV�ޗ&amp#11;�_�r��\u�K*Ӭ�G)�~��&amp#18;�:g��F�Lp��o�\��&amp#24;�7��N�W�����#&amp#21;���J|���ե�0��XB���[�!_�&amp#16;�.B @d&amp#3;!&amp#0; &amp#0;2DB��&amp#4;&amp#0;&amp#6;&amp#2;&amp#1;&amp#4;�E&amp#0;&amp#0;&amp#4;&amp#0;nU&amp#12;�&amp#0;&amp#0;&amp#6;&amp#20;�
�&amp#21;��)&amp#26; V��F�='����&amp#17;����.��&amp#0;S�'��<ͮ�}�ޚ�<&amp#27;uy�&amp#20;_+k*�3�"��&amp#28;�U�:�%R��M�RnO��&amp#30;�k��j��J�&amp#21;�&amp#6;T&amp#0;������CK��Ҍ&amp#30;�?���{O��j�u&amp#19;���O7���}(%�&amp#15;��˹C�v�_q}&amp#14;��[&amp#26;�[��&amp#17;�Ϝ�X�&amp#26;]&amp#24;��:�&amp#19;��iJ=�p�D#&amp#8;�
��
0՚��*��&amp#25;fd^��^Mĭ1��H�WV�d�r/�#$�8za�5�.��	=�&amp#22;�&amp#29;�����a8�<��&amp#20;̕Tə�\��V��\e�4��v)�'����6�E�8�+&amp#8;�e�U��m�er���8:F+�J;&amp#27;F��&amp#28;&amp#0;�&amp#2;���&amp#5;2�c�Ҽ��/&amp#14;�t�S�	v	h�P�;���	�Bw�UU��*�Z��GUt��ڔ%�6�k�rr��o:����&amp#14;��R��)�������3?&amp#27;&amp#28;�%����&amp#11;�d�i���&amp#0;�7�&amp#0;�g����&amp#0;&amp#23;\z�&amp#0;���kuiS˹�*R����y����gR��&amp#18;�SId#=ZJA�&amp#24;+�'خ&amp#26;˛^�ؒ8k,�^&amp#31;&amp#27;&amp#14;�q��3��#�B�M7#�mC-&amp#17;�&amp#29;�K,�(�ʻ�VIcc�0�u�PI&amp#30;�&amp#25;m�&amp#12;&amp#26;U�&amp#20;0Pl
jL���O)��[��5&amp#24;ud�m�G���ݳͥ�V�&amp#25;���R�M5�[���tvm�B�MF⛔��Q|�&amp#12;�O���+�7:�V���#/�������>�D㩧�l�����G�G��sĴ׷��!ÝW�`��m�<��k���eT�챲^���V�ƭ:�u���5��x��]�(Ǆ���'�&amp#0;�(���4�V*-�]M�����w�&amp#14;e�veb�7�ن^z�-g&amp#6;k&amp#21;�֥�0��+ V�
ȅ~�+&amp#8;R&amp#5;&amp#8;�D(&amp#31;"!B#&amp#0;&amp#4;@�&amp#4;`&amp#0;&amp#7;p��&amp#0;e&amp#17;��&amp#0;&amp#28;&amp#21;A�&amp#0;&amp#12;&amp#0;�dB��d
���q�&amp#7;���9+i��<���>�g3#�g��R�E/�ͮ���&amp#3;Pq�t&amp#19;ޣ�.O>�o�>ny^r�P�&amp#21;&amp#1;�&amp#20;[x/QѱѮ.d�&amp#23;�&amp#23;_��a�4�&amp#8;/��9}��n�/Se��&amp#20;��&amp#17;�����&amp#27;&amp#26;T��H�ne�1�G�/&amp#22;)E&amp#29;&�6&amp#15;R:�'Ē��~i�e�u&amp#24;w/�D�c��F/&amp#25;���1aaw*�a��4S�9�8u�����܋Պ�H�&amp#23;&amp#28;&amp#21;	%�&amp#24;�"�Q�N�˺�SOm�:�]%p�,�[�<��}r��q�N\VZ�&amp#14;&amp#12;�{��&amp#22;Y�&amp#17;�5b�Z&amp#18;��&amp#24;��=F�i(����N;��m��5�&amp#26;��߃�k����<`�:�N&�z(-���N�&amp#20;��J D�
��)��"�IEd,&amp#8;O�d��l��بV�&amp#3;i�7�Zԍ6��:�K&amp#18;��z�d$�Ǩi���&amp#29;&amp#26;��g�?X�&amp#27;���k:��j�5֙U�';w�*���_�#��y�W�&amp#30;�L*g7D�@��5%�&amp#28;�&amp#24;�[�;&amp#26;q�b�m�&amp#31;�,q�&amp#26;t��&amp#17;8�m&amp#12;����wlm�[&amp#22;F��Kt����e׷���;f2�N&amp#7;D]&amp#24;�0&amp#1;��jT�%��V��Z���\����#�r��pӬ�-�&amp#4;�r�\K�&amp#24;�q�N0Ξ&amp#25;��,&amp#27;��sÑ��V{u�c�	&amp#29;������ɣ&amp#28;�&amp#26;��\�Y��-�)��*E,JO&amp#31;%�K��n~��&amp#16;I{.��&amp#0;�w�5UyuJ]�&amp#27;e͹[2#�yI���c�qk��3k6?�ס�Ȅl�[&amp#1;[�&amp#17;&amp#8;�&amp#2;���&amp#1;&amp#1;�&amp#0;L&amp#8;&amp#16;&amp#8;��&amp#0;D`&amp#0;�&amp#16;@P &amp#3;�&amp#16;
 
&amp#0;&amp#2;2��&amp#1;C�a@&amp#5;a&amp#1;��)&amp#25;&amp#0;d	�&amp#2;F2��&amp#5;���&amp#21;�7��_h�,��&amp#20;W1��Ϲ�Ӵu��(Ri�&amp#28;��|kƗ����'�Mo�g��=u�<�G&amp#23;"��&amp#21;�&amp#18;0rx\�x�=&amp#22;��μ�)Ǔ<�r�&amp#14;��S�&amp#21;����Y&amp#30;���8-�Ӎ-j1F5[���T�&amp#31;��&amp#29;��Z�iw<&amp#27;��&amp#29;�����c&amp#31;���~��z��L�&amp#0;&amp#18;���;�g��\9w���&amp#12;�=\u&amp#25;m�J�7�z1��X��u�ɴ{3&amp#25;�N�c&amp#21;��FRxE	��&amp#17;�&amp#5;s{&amp#5;���^LXܪg&amp#4;�	��&amp#5;ղ�{&amp#28;����z���x<��&amp#29;%p�g89U��d�g��H�1����ر�t�=<6�c1��&amp#22;�j1[&amp#29;�+l(�&amp#29;#5��3�\�e(���Z�����&amp#11;'�F*�<�&amp#2;24��Us��M��)�%��&amp#21;%�&amp#3;���#i�R&amp#5;=�\{&amp#8;�c{&amp#21;&amp#11;,�&amp#12;1��U�^���ta&amp#28;E/C��&amp#29;�"��5�&amp#28;2y@-Kzub�R*Q�ËYM&amp#25;�_��8&amp#26;��t�Г�Nޯ+&amp#27;���y����vϵ��.�޽�yP��g&amp#7;�����&amp#19;ǩsy^�zD�EG&amp#5;$F,S:&amp#5;q�V�/@�&amp#26;�h�I&amp#5;�GcG	&amp#29;�&amp#25;��<`�f%t��c�F�#A�@l*��&amp#4;&amp#24;�U1kr0ժq�t���NNV�3M�&amp#24;�Q��S'&amp#26;r.��f�ʯ&amp#12;&amp#28;5&amp#17;��w3&amp#11;&amp#21;��/�m{��]N5P�y�����-��ص���K�ι�qڵ�QXm���::tb��GX�h�k~&amp#14;��u1�&amp#21;&amp#24;k�!&amp#28;�yfjX�R�z&amp#24;�������B���#&amp#8;&amp#12;�[d&amp#11;���@&amp#2;&amp#0;@&amp#0;0�&amp#0;" Dܠ&amp#4;B&amp#0;��&amp#0;&amp#17;?&amp#18;&amp#0;Q;&amp#5;&amp#15;� &amp#20;&amp#14;�&amp#0;2�E&amp#0;&amp#3;(R&amp#5;`+
&amp#15;,�&amp#8;&amp#21;�t|?l�u[zil���H��<������>�E(�Dz-us�Ay&amp#26;V�$�:Sg-���W��qsR�����;&amp#30;?K�����sB��.&amp#30;v(��zg�QNKn�g�t�}'G�!J	��#�r�&amp#20;⢎�t�S&amp#8;ƷƦYkW����w�&amp#24;jԜ��w�]��<�7������U&amp#19;��Ö~�f�9�&amp#14;�Ռ�2�Iv>���>�4H�ʣ�G�&amp#26;뎲�YZF8��&amp#30;u��~�=8=��Z��k��G&z��
�P&amp#4;u&amp#2;�̂�ȍE-�K8����6�q{&amp#28;w��yK�YBl��q��t��D��&amp#0;���i�N��k�3�I&amp#30;�N�P���mاM$w�&amp#21;j�ѕ��u˝j���ήF�#���"��deT��n�"���(��x��3Z�NR�/g��lY&amp#25;�e:��d&amp#19;��&amp#0;&amp#30;��<��T\�@
t�&amp#6;���I&amp#14;��r�r&amp#2;�JR��0���&amp#4;i��&amp#21;�Y&amp#3;�����&amp#14;��&amp#21;��&amp#0;&amp#14;�7O�&amp#0;&amp#19;����t��^&amp#19;Q�n���U���ʋ��&amp#31;;x��o^u4�&amp#19;L�UtRh�X.�xEb�}�/�����]�8%�Ո��ۭ��%o�i&amp#23;��|�\�&amp#21;��C&amp#22;��5�&amp#28;�]$`�3����r9ڥɕUV;&amp#26;i̻�&amp#12;�Ÿ[�r�XjG~&amp#14;V(Ѡ�"��]�+D�x:��Q�&amp#20;t����c�F�H�ej��T��(�WtKQ��2fӌ�s�x�����B�D+ �� &amp#16;&amp#0;� �&amp#3;$@"&amp#0;&amp#16;"&amp#4;&amp#14;
!&amp#16;&amp#0;�&amp#15;�&amp#17;&amp#2;�D
&amp#12;�&amp#0;&amp#6;&amp#20;&amp#0;&amp#0;&amp#24;&amp#1;�&amp#20;&amp#0;�ȥl!&amp#24;R�&amp#5;d&amp#30;��V�wUn$��#&amp#23;���9̺e�&amp#26;mB�}�:�&amp#23;�u?.�ҋ����ù�T��|�G���d
Tj��UjG<&amp#22;N�&amp#30;�A��N1�N�&amp#25;&amp#29;�&amp#30;��Q�RD��F�3c��܊�&�<�ݮ�*te.N?�k_.&amp#17;�H&amp#15;&amp#15;�\"��"�EXg���ܬr��{�y~&amp#23;��|�Epz�&amp#28;��M�{|�tm��{����Q�&amp#15;n'&amp#28;-^��yXe��z�<���9�W)�֤&amp#4;Ƞ�TSV&amp#29;I��&amp#28;J�9i&amp#30;oL�y�����G�_Mƻ=*u&amp#26;��r��e�,4�M,�<��;4)t�&amp#29;2��;&amp#29;�b�GX�[&amp#4;v�&amp#21;|N�Ν3h&amp#14;EE5&&amp#21;����U)�Y��.���*�o9%j+�ö~F#T�yx5��:�c�&amp#29;8�gQӈ��:�2����KӍ&amp#17;�&amp#18;+'R�%@�M�&amp#20;�h��&amp#1;�C��	�+�"��Yй��ק&amp#26;��%�&amp#26;���~�<����_ʔ[tg�Ro�&amp#11;�&amp#0;����_&amp#27;�&amp#0;���(��N&amp#22;Nm��&amp#18;�cM�>%�Y�s�v�6��Íu�5��2�&amp#6;m&amp#22;�Q&amp#28;���C6��:�91kR0֨q�t�u&q��&amp#18;f&amp#1;�R��G*��J�=s�VG&amp#28;��F�:F�Z�ъ�7&amp#28;�Ldt�����7&amp#5;џ��,���IL�E&amp#19;�&amp#21;T�s��&amp#28;Q�ָ����䬕�+{�&amp#19;�&amp#11;����&amp#18;�
��&amp#11;&amp#0;�&amp#0;QJ&amp#12;�"�r�d��|�&amp#8;�&amp#0;&amp#16;B)[xF��ؕ �3�
&amp#30;�&amp#0;�&amp#0;����&amp#0;&amp#12;&amp#1;�,&amp#14;�YJVD&amp#7;�&amp#20;�#�&amp#1;&amp#1;++O}�4���y<���t��UmP"WH�/��NW��yK-#��&amp#0;Lz<�<�ȯ�&amp#19;Ш�X6�,&amp#29;p�����Ri-Ɲ���ӓ��9Wf�6q��|&amp#18;�,�^����g��㦢�3��S#���29�*�����$�=�Q�N�&amp#20;},G�Mq��&amp#28;��m&amp#20;V+,s�E!T&amp#24;&amp#8;̴F�&amp#11;��4n��&amp#27;���tcK&amp#28;�Ѥ�Q�?n�v-(�Ib(Ď��8�v*�|R7���f���,U�;�ήGX�3HI6QEF�1ԓ�!�H�"idxϱ�UM��f�&amp#21;ɴ�0�+m�@*O8�&amp#20;&amp#27;x@	7�B&amp#5;9<�"��&amp#6;�tr[�T._R
�v&amp#1;��`Y&amp#30;J�&�&amp#0;�
�� v*<��hRvT�8��&amp#19;J2�[�_��;���:��S��QТ�&amp#16;&amp#29;&amp#11;nD���^ۄzp��Ԡ��0�&amp#6;�j2��Y6Eg�ٚ�a���M�:��4�&amp#25;d�NtT�↉&amp#8;&amp#21;^����=ٖ�z���iD~� �Zp�nzta�6����&�y7&amp#5;�l�&amp#18;.���&amp#7;'�TW6�Eyy9�Qζ��
File size: 94878 bytes
]]></system-out>
  </testcase>
</testsuite>